[2022-08-26 18:34:06] [MATURE]\[VOICE]\bgoMiner\sourceS.lua:106: Loaded Stone (1146 DB) (1 mp)
[2022-08-26 18:34:06] [TESTES]\bgo_shop\sourceS.lua:50: Loaded Shop (2 DB) (0 mp)
[2022-08-26 18:42:28] [TESTES]\bgo_items\sourceS.lua:66: Loaded Item (34 DB) (0 mp)
[2022-08-26 18:42:28] [TESTES]\bgo_items\sourceS.lua:810: Loaded Trash (2 DB) (0 mp)
[2022-08-26 18:42:28] [TESTES]\bgo_items\sourceS.lua:1249: Loaded safe (1 DB) (0 mp)
[2022-08-26 18:43:54] bgo_accounts\Szerver.lua:130: BoorishWine73 Entrou na fila 1!
[2022-08-26 18:43:58] bgo_accounts\Szerver.lua:69: Aviso: BoorishWine73 acaba de sair da fila de espera!
[2022-08-26 18:44:41] bgo_accounts\Szerver.lua:130: BoorishWine73 Entrou na fila 1!
[2022-08-26 18:44:44] bgo_accounts\Szerver.lua:69: Aviso: BoorishWine73 acaba de sair da fila de espera!
[2022-08-26 18:46:34] bgo_accounts\Szerver.lua:130: BoorishWine73 Entrou na fila 1!
[2022-08-26 18:46:39] bgo_accounts\Szerver.lua:69: Aviso: BoorishWine73 acaba de sair da fila de espera!
[2022-08-27 07:18:17] [MATURE]\[VOICE]\bgoMiner\sourceS.lua:106: Loaded Stone (1146 DB) (1 mp)
[2022-08-27 07:18:17] [TESTES]\bgo_items\sourceS.lua:66: Loaded Item (34 DB) (0 mp)
[2022-08-27 07:18:17] [TESTES]\bgo_items\sourceS.lua:810: Loaded Trash (2 DB) (0 mp)
[2022-08-27 07:18:17] [TESTES]\bgo_items\sourceS.lua:1249: Loaded safe (1 DB) (0 mp)
[2022-08-27 07:18:17] [TESTES]\bgo_shop\sourceS.lua:50: Loaded Shop (2 DB) (0 mp)
[2022-08-27 07:19:22] bgo_accounts\Szerver.lua:130: BoorishWine73 Entrou na fila 1!
[2022-08-27 07:19:27] bgo_accounts\Szerver.lua:69: Aviso: BoorishWine73 acaba de sair da fila de espera!
[2026-02-16 20:10:15] [MATURE]\[VOICE]\bgoMiner\sourceS.lua:106: Loaded Stone (1146 DB) (1 mp)
[2026-02-16 20:10:15] [TESTES]\bgo_items\sourceS.lua:66: Loaded Item (34 DB) (0 mp)
[2026-02-16 20:10:15] [TESTES]\bgo_items\sourceS.lua:810: Loaded Trash (2 DB) (0 mp)
[2026-02-16 20:10:15] [TESTES]\bgo_items\sourceS.lua:1249: Loaded safe (1 DB) (0 mp)
[2026-02-16 20:10:15] [TESTES]\bgo_shop\sourceS.lua:50: Loaded Shop (2 DB) (0 mp)
[2026-02-16 20:14:54] [TESTES]\bgo_items\sourceS.lua:66: Loaded Item (34 DB) (0 mp)
[2026-02-16 20:14:54] [TESTES]\bgo_items\sourceS.lua:810: Loaded Trash (2 DB) (0 mp)
[2026-02-16 20:14:54] [TESTES]\bgo_items\sourceS.lua:1249: Loaded safe (1 DB) (0 mp)
[2026-02-16 20:14:54] [TESTES]\bgo_shop\sourceS.lua:50: Loaded Shop (2 DB) (0 mp)
[2026-02-16 20:16:26] [TESTES]\bgo_items\sourceS.lua:66: Loaded Item (34 DB) (0 mp)
[2026-02-16 20:16:26] [TESTES]\bgo_items\sourceS.lua:810: Loaded Trash (2 DB) (0 mp)
[2026-02-16 20:16:26] [TESTES]\bgo_items\sourceS.lua:1249: Loaded safe (1 DB) (0 mp)
[2026-02-16 20:16:26] [TESTES]\bgo_shop\sourceS.lua:50: Loaded Shop (2 DB) (0 mp)
[2026-02-16 20:22:02] [TESTES]\bgo_items\sourceS.lua:66: Loaded Item (34 DB) (0 mp)
[2026-02-16 20:22:02] [TESTES]\bgo_items\sourceS.lua:810: Loaded Trash (2 DB) (0 mp)
[2026-02-16 20:22:02] [TESTES]\bgo_items\sourceS.lua:1249: Loaded safe (1 DB) (0 mp)
[2026-02-16 20:22:02] [TESTES]\bgo_shop\sourceS.lua:50: Loaded Shop (2 DB) (0 mp)
[2026-02-16 20:23:46] [TESTES]\bgo_items\sourceS.lua:66: Loaded Item (34 DB) (0 mp)
[2026-02-16 20:23:46] [TESTES]\bgo_items\sourceS.lua:810: Loaded Trash (2 DB) (0 mp)
[2026-02-16 20:23:46] [TESTES]\bgo_items\sourceS.lua:1249: Loaded safe (1 DB) (0 mp)
[2026-02-16 20:23:46] [TESTES]\bgo_shop\sourceS.lua:50: Loaded Shop (2 DB) (0 mp)
[2026-02-16 20:24:52] [TESTES]\bgo_items\sourceS.lua:66: Loaded Item (34 DB) (0 mp)
[2026-02-16 20:24:52] [TESTES]\bgo_items\sourceS.lua:810: Loaded Trash (2 DB) (0 mp)
[2026-02-16 20:24:52] [TESTES]\bgo_items\sourceS.lua:1249: Loaded safe (1 DB) (0 mp)
[2026-02-16 20:24:52] [TESTES]\bgo_shop\sourceS.lua:50: Loaded Shop (2 DB) (0 mp)
[2026-02-16 20:26:11] [TESTES]\bgo_items\sourceS.lua:66: Loaded Item (34 DB) (0 mp)
[2026-02-16 20:26:11] [TESTES]\bgo_items\sourceS.lua:810: Loaded Trash (2 DB) (0 mp)
[2026-02-16 20:26:11] [TESTES]\bgo_items\sourceS.lua:1249: Loaded safe (1 DB) (0 mp)
[2026-02-16 20:26:11] [TESTES]\bgo_shop\sourceS.lua:50: Loaded Shop (2 DB) (0 mp)
[2026-02-16 20:43:55] [TESTES]\bgo_items\sourceS.lua:66: Loaded Item (34 DB) (0 mp)
[2026-02-16 20:43:55] [TESTES]\bgo_items\sourceS.lua:810: Loaded Trash (2 DB) (0 mp)
[2026-02-16 20:43:55] [TESTES]\bgo_items\sourceS.lua:1249: Loaded safe (1 DB) (0 mp)
[2026-02-16 20:43:55] [TESTES]\bgo_shop\sourceS.lua:50: Loaded Shop (2 DB) (0 mp)
[2026-02-16 20:44:46] bgo_accounts\Szerver.lua:130: PoliticalSky44 Entrou na fila 1!
[2026-02-16 20:44:51] bgo_accounts\Szerver.lua:69: Aviso: PoliticalSky44 acaba de sair da fila de espera!
[2026-02-16 20:45:51] bgo_accounts\Szerver.lua:130: PoliticalSky44 Entrou na fila 1!
[2026-02-16 20:45:56] bgo_accounts\Szerver.lua:69: Aviso: PoliticalSky44 acaba de sair da fila de espera!
[2026-02-16 20:51:11] [TESTES]\bgo_items\sourceS.lua:66: Loaded Item (34 DB) (0 mp)
[2026-02-16 20:51:11] [TESTES]\bgo_items\sourceS.lua:810: Loaded Trash (2 DB) (0 mp)
[2026-02-16 20:51:11] [TESTES]\bgo_items\sourceS.lua:1249: Loaded safe (1 DB) (0 mp)
[2026-02-16 20:51:11] [TESTES]\bgo_shop\sourceS.lua:50: Loaded Shop (2 DB) (0 mp)
[2026-02-16 20:51:59] bgo_accounts\Szerver.lua:130: PoliticalSky44 Entrou na fila 1!
[2026-02-16 20:52:02] bgo_accounts\Szerver.lua:69: Aviso: PoliticalSky44 acaba de sair da fila de espera!
[2026-02-17 14:43:11] bgo_accounts\Szerver.lua:130: PoliticalSky44 Entrou na fila 1!
[2026-02-17 14:43:12] bgo_accounts\Szerver.lua:69: Aviso: PoliticalSky44 acaba de sair da fila de espera!
[2026-02-17 14:46:50] [TESTES]\bgo_items\sourceS.lua:66: Loaded Item (34 DB) (0 mp)
[2026-02-17 14:46:50] [TESTES]\bgo_items\sourceS.lua:810: Loaded Trash (2 DB) (0 mp)
[2026-02-17 14:46:50] [TESTES]\bgo_items\sourceS.lua:1249: Loaded safe (1 DB) (0 mp)
[2026-02-17 14:46:50] [TESTES]\bgo_shop\sourceS.lua:50: Loaded Shop (2 DB) (0 mp)
[2026-02-17 14:47:23] bgo_accounts\Szerver.lua:130: PoliticalSky44 Entrou na fila 1!
[2026-02-17 14:47:25] bgo_accounts\Szerver.lua:69: Aviso: PoliticalSky44 acaba de sair da fila de espera!
[2026-02-17 17:15:30] bgo_accounts\Szerver.lua:130: PoliticalSky44 Entrou na fila 1!
[2026-02-17 17:15:34] bgo_accounts\Szerver.lua:69: Aviso: PoliticalSky44 acaba de sair da fila de espera!
[2026-02-17 17:19:13] [TESTES]\bgo_items\sourceS.lua:66: Loaded Item (35 DB) (0 mp)
[2026-02-17 17:19:13] [TESTES]\bgo_items\sourceS.lua:810: Loaded Trash (2 DB) (0 mp)
[2026-02-17 17:19:13] [TESTES]\bgo_items\sourceS.lua:1249: Loaded safe (1 DB) (0 mp)
[2026-02-17 17:19:13] [TESTES]\bgo_shop\sourceS.lua:50: Loaded Shop (2 DB) (0 mp)
[2026-02-17 17:19:29] bgo_accounts\Szerver.lua:130: PoliticalSky44 Entrou na fila 1!
[2026-02-17 17:19:33] bgo_accounts\Szerver.lua:69: Aviso: PoliticalSky44 acaba de sair da fila de espera!
[2026-02-18 00:39:16] bgo_accounts\Szerver.lua:130: PoliticalSky44 Entrou na fila 1!
[2026-02-18 00:39:20] bgo_accounts\Szerver.lua:69: Aviso: PoliticalSky44 acaba de sair da fila de espera!
[2026-02-18 00:41:36] [MATURE]\[VOICE]\bgoMiner\sourceS.lua:106: Loaded Stone (1146 DB) (1 mp)
[2026-02-18 00:41:36] [TESTES]\bgo_items\sourceS.lua:66: Loaded Item (1146 DB) (1 mp)
[2026-02-18 00:41:36] [TESTES]\bgo_items\sourceS.lua:810: Loaded Trash (1146 DB) (1 mp)
[2026-02-18 00:41:36] [TESTES]\bgo_items\sourceS.lua:1249: Loaded safe (1146 DB) (1 mp)
[2026-02-18 00:41:36] [TESTES]\bgo_shop\sourceS.lua:50: Loaded Shop (1146 DB) (1 mp)
[2026-02-18 00:42:35] [TESTES]\bgo_items\sourceS.lua:66: Loaded Item (35 DB) (0 mp)
[2026-02-18 00:42:35] [TESTES]\bgo_items\sourceS.lua:810: Loaded Trash (2 DB) (0 mp)
[2026-02-18 00:42:35] [TESTES]\bgo_items\sourceS.lua:1249: Loaded safe (1 DB) (0 mp)
[2026-02-18 00:42:35] [TESTES]\bgo_shop\sourceS.lua:50: Loaded Shop (2 DB) (0 mp)
[2026-02-18 00:42:52] bgo_accounts\Szerver.lua:130: PoliticalSky44 Entrou na fila 1!
[2026-02-18 00:42:55] bgo_accounts\Szerver.lua:69: Aviso: PoliticalSky44 acaba de sair da fila de espera!
