[2021-02-28 22:01:37] [FUNDADOR]  Michael (2) Pegou um item novo (Kit de primeiros socorros)
[2021-03-01 00:42:19] [FUNDADOR]  #ff0000[FG]Johnny (2) Pegou um item novo (Passaporte)
[2021-03-01 21:01:14] [FUNDADOR]  Michael (2) Pegou um item novo (AK-47)
[2021-03-01 23:47:11] [FUNDADOR]  Eliax (5) Pegou um item novo (AK-47 Urban Camo)
[2021-03-01 23:48:00] [FUNDADOR]  Eliax (5) Pegou um item novo (M4A1 - CAVEIRA)
[2021-03-01 23:50:27] [FUNDADOR]  Eliax (5) Pegou um item novo (M4A1 - PATRIOTA)
[2021-03-01 23:50:27] [FUNDADOR]  Eliax (5) Pegou um item novo (AK-47 - PATRIOTA)
[2021-03-01 23:50:28] [FUNDADOR]  Eliax (5) Pegou um item novo (AWM - PATRIOTA)
[2021-03-01 23:50:29] [FUNDADOR]  Eliax (5) Pegou um item novo (DESERT - PATRIOTA)
[2021-03-02 06:07:16] [FUNDADOR]  Eliax (5) Pegou um item novo (Boi chifre)
[2021-03-03 02:49:25] [FUNDADOR]  lindaa (2) Pegou um item novo (Energético)
[2021-03-03 22:59:48] [FUNDADOR]  Michael (2) Pegou um item novo (Iphone 7)
[2021-03-03 23:41:31] [FUNDADOR]  melo (2) Pegou um item novo (Iphone 7)
[2021-03-04 04:44:29] [FUNDADOR]  Michael (2) Pegou um item novo (Boi chifre)
[2021-03-04 04:44:51] [FUNDADOR]  Michael (2) Pegou um item novo (Boi chifre)
[2021-03-04 06:06:55] [FUNDADOR]  Michael (2) Pegou um item novo (Boina policial)
[2021-03-04 23:11:04] [FUNDADOR]  Michael (2) Pegou um item novo (AK-47 - RED DRAGON)
[2021-03-04 23:11:06] [FUNDADOR]  Michael (2) Pegou um item novo (DESERT - RED DRAGON)
[2021-03-04 23:11:06] [FUNDADOR]  Michael (2) Pegou um item novo (M4A1 - RED DRAGON)
[2021-03-04 23:11:08] [FUNDADOR]  Michael (2) Pegou um item novo (AWM - RED DRAGON)
[2021-03-04 23:25:53] [FUNDADOR]  Michael (2) Pegou um item novo (Cavalo)
[2021-03-04 23:25:56] [FUNDADOR]  Michael (2) Pegou um item novo (Coruja)
[2021-03-04 23:26:18] [FUNDADOR]  Michael (2) Pegou um item novo (Boina policial)
[2021-03-05 01:12:32] [FUNDADOR]  Michael (2) Pegou um item novo (Boi chifre)
[2021-03-05 04:59:04] [FUNDADOR]  Eliax (5) Pegou um item novo (Whiskey)
[2021-03-05 21:51:26] [FUNDADOR]  #FF0000[FG]Banidor (2) Pegou um item novo (Boina policial)
[2021-03-09 02:25:27] [FUNDADOR]  #FF0000[FG]Banidor (2) Pegou um item novo (Iphone 7)
[2021-03-09 19:38:48] [FUNDADOR]  Michael (2) Pegou um item novo (Boi chifre)
[2021-03-10 17:57:26] [FUNDADOR]  Michael (2) Pegou um item novo (Iphone 7)
[2021-03-10 23:59:22] [FUNDADOR]  Michael (2) Pegou um item novo (câmera)
[2021-03-11 00:01:44] [FUNDADOR]  Michael (2) Pegou um item novo (câmera)
[2021-03-11 04:44:15] [FUNDADOR]  #FF0000[FG]Banidor (2) Pegou um item novo (Iphone 7)
[2021-03-11 06:05:57] [FUNDADOR]  #FF0000[FG]Banidor (2) Pegou um item novo (AWM - RED DRAGON)
[2021-03-11 06:06:53] [FUNDADOR]  #FF0000[FG]Banidor (2) Pegou um item novo (AK-47 - FLAMENGO)
[2021-03-12 00:38:25] [FUNDADOR]  Michael (2) Pegou um item novo (Iphone 7)
[2021-03-12 00:38:25] [FUNDADOR]  Michael (2) Pegou um item novo (Iphone 7)
[2021-03-17 20:27:48] [FUNDADOR]  Michael (2) Pegou um item novo (Aliança de Casamento Johnny & MD)
[2021-03-17 20:28:23] [FUNDADOR]  Michael (2) Pegou um item novo (Aliança de Casamento Johnny & MD)
[2021-03-24 20:46:32] [FUNDADOR]  Eliax (5) Pegou um item novo (Artic Magnum)
[2021-03-24 20:46:59] [FUNDADOR]  Eliax (5) Pegou um item novo (M4A1 - CAVEIRA)
[2021-03-24 20:47:18] [FUNDADOR]  Eliax (5) Pegou um item novo (AK-47 - PATRIOTA)
[2021-03-29 19:40:53] [FUNDADOR]  Johnny (2) Pegou um item novo (VISÃO NOTURNA - PATRIOTA)
[2021-03-29 19:40:54] [FUNDADOR]  Johnny (2) Pegou um item novo (VISÃO INFRAVERMELHO - PATRIOTA)
[2021-03-29 19:41:41] [FUNDADOR]  Johnny (2) Pegou um item novo (VISÃO NOTURNA - PATRIOTA)
[2021-03-29 19:41:42] [FUNDADOR]  Johnny (2) Pegou um item novo (VISÃO INFRAVERMELHO - PATRIOTA)
[2021-04-02 22:30:35] [FUNDADOR]  Johnny (2) Pegou um item novo (AWM - ALPHA)
[2021-04-02 22:32:57] [FUNDADOR]  Johnny (2) Pegou um item novo (Aliança de Casamento Johnny & Elias)
[2021-04-23 03:24:49] [FUNDADOR]  Johnny (2) Pegou um item novo (Caixa de armas premium)
[2022-08-26 18:52:42] [FUNDADOR]  [FG]Leandro (1) Pegou um item novo (Streamer BGO)
[2022-08-26 18:53:18] [FUNDADOR]  [FG]Leandro (1) Pegou um item novo (Caixa de armas Patriota)
[2022-08-26 18:53:19] [FUNDADOR]  [FG]Leandro (1) Pegou um item novo (Caixa de armas Dourada)
[2022-08-26 18:53:23] [FUNDADOR]  [FG]Leandro (1) Pegou um item novo (Caixa de armas premium)
[2022-08-27 07:24:57] [FUNDADOR]  [FG]Leandro (1) Pegou um item novo (Gorro Natal)
[2022-08-27 07:24:58] [FUNDADOR]  [FG]Leandro (1) Pegou um item novo (M4 - Natal)
[2022-08-27 07:24:59] [FUNDADOR]  [FG]Leandro (1) Pegou um item novo (AK-47 - Natal)
[2022-08-27 07:25:00] [FUNDADOR]  [FG]Leandro (1) Pegou um item novo (Sniper - Natal)
[2022-08-27 07:25:01] [FUNDADOR]  [FG]Leandro (1) Pegou um item novo (Desert - Natal)
[2022-08-27 07:25:15] [FUNDADOR]  [FG]Leandro (1) Pegou um item novo (Baseball - DRAGON)
[2022-08-27 07:25:19] [FUNDADOR]  [FG]Leandro (1) Pegou um item novo (M4A1 - SAKURA)
[2022-08-27 07:25:22] [FUNDADOR]  [FG]Leandro (1) Pegou um item novo (Coelhinho)
[2022-08-27 07:25:29] [FUNDADOR]  [FG]Leandro (1) Pegou um item novo (AK-47 - RIO)
[2022-08-27 07:25:30] [FUNDADOR]  [FG]Leandro (1) Pegou um item novo (M4A1 - RIO)
[2022-08-27 07:25:30] [FUNDADOR]  [FG]Leandro (1) Pegou um item novo (AWM - RIO)
[2022-08-27 07:25:31] [FUNDADOR]  [FG]Leandro (1) Pegou um item novo (DESERT - RIO)
[2022-08-27 07:25:32] [FUNDADOR]  [FG]Leandro (1) Pegou um item novo (FACA - RIO)
