[2021-02-28 18:35:44] [GIVE DINHEIRO VIP] #ff0000[FG]Johnny acumulou o dinheiro vip do jogador Jorgecrs de (50100 para 70100)
[2021-02-28 18:38:07] [GIVE DINHEIRO VIP] #ff0000[FG]Johnny acumulou o dinheiro vip do jogador LuquinhaRJ de (0 para 75000)
[2021-02-28 18:40:00] [GIVE DINHEIRO VIP] #ff0000[FG]Johnny acumulou o dinheiro vip do jogador VulgoZK RJ de (0 para 70000)
[2021-02-28 18:42:56] [GIVE DINHEIRO VIP] #ff0000[FG]Johnny acumulou o dinheiro vip do jogador Lc Trem de (0 para 10000)
[2021-02-28 18:45:25] [GIVE DINHEIRO VIP] #ff0000[FG]Johnny acumulou o dinheiro vip do jogador lippesxx de (0 para 60000)
[2021-02-28 18:52:55] [GIVE DINHEIRO VIP] #ff0000[FG]Johnny acumulou o dinheiro vip do jogador Deco de (0 para 145000)
[2021-02-28 18:55:25] [GIVE DINHEIRO VIP] #ff0000[FG]Johnny acumulou o dinheiro vip do jogador Olivia de (10000 para 70000)
[2021-02-28 18:56:55] [GIVE DINHEIRO VIP] #ff0000[FG]Johnny acumulou o dinheiro vip do jogador osmar de (0 para 130000)
[2021-02-28 18:59:32] [GIVE DINHEIRO VIP] #ff0000[FG]Johnny acumulou o dinheiro vip do jogador GuilhermeNC de (0 para 60000)
[2021-02-28 19:00:32] [GIVE DINHEIRO VIP] #ff0000[FG]Johnny acumulou o dinheiro vip do jogador Ribeiro de (0 para 53000)
[2021-02-28 19:03:35] [GIVE DINHEIRO VIP] #ff0000[FG]Johnny acumulou o dinheiro vip do jogador speedzera de (0 para 140000)
[2021-02-28 19:04:55] [GIVE DINHEIRO VIP] #ff0000[FG]Johnny acumulou o dinheiro vip do jogador Silvao de (0 para 70000)
[2021-02-28 19:09:11] [GIVE DINHEIRO VIP] #ff0000[FG]Johnny acumulou o dinheiro vip do jogador Gustavao de (0 para 145000)
[2021-02-28 19:10:01] [GIVE DINHEIRO VIP] #ff0000[FG]Johnny acumulou o dinheiro vip do jogador OweeN^ de (0 para 53000)
[2021-02-28 19:12:20] [GIVE DINHEIRO VIP] #ff0000[FG]Johnny acumulou o dinheiro vip do jogador Ramos de (0 para 70000)
[2021-02-28 19:14:43] [GIVE DINHEIRO VIP] #ff0000[FG]Johnny acumulou o dinheiro vip do jogador memo de (0 para 41000)
[2021-02-28 19:16:03] [GIVE DINHEIRO VIP] #ff0000[FG]Johnny acumulou o dinheiro vip do jogador lippesxx de (60000 para 80000)
[2021-02-28 19:16:46] [GIVE DINHEIRO VIP] #ff0000[FG]Johnny acumulou o dinheiro vip do jogador Ban de (27600 para 87600)
[2021-02-28 19:39:33] [GIVE DINHEIRO VIP] #ff0000[FG]Johnny acumulou o dinheiro vip do jogador Void de (0 para 200000)
[2021-02-28 19:40:34] [RETIRAR DINHEIRO VIP] #ff0000[FG]Johnny retirou o dinheiro vip do jogador Void de (200000 para 145000)
[2021-02-28 19:43:00] [GIVE DINHEIRO VIP] #ff0000[FG]Johnny acumulou o dinheiro vip do jogador Fuzzer de (0 para 90000)
[2021-03-01 03:54:36] [GIVE DINHEIRO VIP] Eliax acumulou o dinheiro vip do jogador Eliax de (14300 para 314300)
[2021-03-01 17:11:43] [GIVE DINHEIRO VIP] Eliax acumulou o dinheiro vip do jogador ALAMEDA de (0 para 100000)
[2021-03-01 17:14:09] [GIVE DINHEIRO VIP] Eliax acumulou o dinheiro vip do jogador #00FF00ManoKiller de (0 para 70000)
[2021-03-01 17:16:13] [GIVE DINHEIRO VIP] Eliax acumulou o dinheiro vip do jogador McBlack de (0 para 130000)
[2021-03-01 17:20:34] [GIVE DINHEIRO VIP] Eliax acumulou o dinheiro vip do jogador Bruno de (0 para 100000)
[2021-03-01 17:24:26] [GIVE DINHEIRO VIP] Eliax acumulou o dinheiro vip do jogador [SUP]Ale de (0 para 65000)
[2021-03-01 17:27:25] [GIVE DINHEIRO VIP] Eliax acumulou o dinheiro vip do jogador [SUP]Ale de (65000 para 130000)
[2021-03-01 17:27:29] [RETIRAR DINHEIRO VIP] Eliax retirou o dinheiro vip do jogador [SUP]Ale de (130000 para 65000)
[2021-03-01 17:29:05] [GIVE DINHEIRO VIP] Eliax acumulou o dinheiro vip do jogador Sr Girafinha de (0 para 70000)
[2021-03-01 17:30:15] [GIVE DINHEIRO VIP] Eliax acumulou o dinheiro vip do jogador BeiramarLindo de (0 para 70000)
[2021-03-01 17:31:48] [GIVE DINHEIRO VIP] Eliax acumulou o dinheiro vip do jogador VulgoVictor de (55000 para 65000)
[2021-03-01 17:32:49] [GIVE DINHEIRO VIP] Eliax acumulou o dinheiro vip do jogador Cauan de (0 para 60000)
[2021-03-01 17:36:00] [GIVE DINHEIRO VIP] Eliax acumulou o dinheiro vip do jogador McLaren de (0 para 55000)
[2021-03-01 17:38:06] [GIVE DINHEIRO VIP] #ff0000[FG]Johnny acumulou o dinheiro vip do jogador Jrzin de (0 para 65000)
[2021-03-01 17:38:50] [GIVE DINHEIRO VIP] #ff0000[FG]Johnny acumulou o dinheiro vip do jogador Febros de (0 para 55000)
[2021-03-01 17:41:02] [GIVE DINHEIRO VIP] #ff0000[FG]Johnny acumulou o dinheiro vip do jogador Insane de (0 para 100000)
[2021-03-01 17:43:15] [GIVE DINHEIRO VIP] Eliax acumulou o dinheiro vip do jogador VulgoThairone de (0 para 55000)
[2021-03-01 17:44:21] [GIVE DINHEIRO VIP] #ff0000[FG]Johnny acumulou o dinheiro vip do jogador Aldo de (0 para 200000)
[2021-03-01 17:45:15] [GIVE DINHEIRO VIP] #ff0000[FG]Johnny acumulou o dinheiro vip do jogador Shirley de (0 para 60000)
[2021-03-01 17:45:29] [GIVE DINHEIRO VIP] Eliax acumulou o dinheiro vip do jogador Brad Pitt de (0 para 130000)
[2021-03-01 17:46:38] [GIVE DINHEIRO VIP] Eliax acumulou o dinheiro vip do jogador McLaren de (55000 para 60000)
[2021-03-01 17:46:51] [GIVE DINHEIRO VIP] #ff0000[FG]Johnny acumulou o dinheiro vip do jogador PIKENO de (10100 para 65100)
[2021-03-01 17:47:19] [GIVE DINHEIRO VIP] Eliax acumulou o dinheiro vip do jogador Deco de (20 para 65020)
[2021-03-01 17:47:52] [GIVE DINHEIRO VIP] #ff0000[FG]Johnny acumulou o dinheiro vip do jogador Tripe Tonhao de (0 para 200000)
[2021-03-01 17:48:13] [GIVE DINHEIRO VIP] #ff0000[FG]Johnny acumulou o dinheiro vip do jogador Guizim de (0 para 120000)
[2021-03-01 17:48:41] [GIVE DINHEIRO VIP] Eliax acumulou o dinheiro vip do jogador [SUP]Ale de (0 para 20000)
[2021-03-01 17:48:48] [GIVE DINHEIRO VIP] #ff0000[FG]Johnny acumulou o dinheiro vip do jogador Aldo de (200000 para 205000)
[2021-03-01 17:49:14] [GIVE DINHEIRO VIP] #ff0000[FG]Johnny acumulou o dinheiro vip do jogador lLukas Silva de (0 para 60000)
[2021-03-01 17:51:56] [GIVE DINHEIRO VIP] Eliax acumulou o dinheiro vip do jogador silvas terro do normal de (0 para 100000)
[2021-03-01 17:54:41] [GIVE DINHEIRO VIP] Eliax acumulou o dinheiro vip do jogador Gustavo de (0 para 120000)
[2021-03-01 17:57:55] [GIVE DINHEIRO VIP] Eliax acumulou o dinheiro vip do jogador VulgoIdont de (0 para 61000)
[2021-03-01 17:58:39] [GIVE DINHEIRO VIP] Eliax acumulou o dinheiro vip do jogador VulgoIdont de (61000 para 65000)
[2021-03-01 18:18:37] [GIVE DINHEIRO VIP] Eliax acumulou o dinheiro vip do jogador Carlos de (0 para 70000)
[2021-03-01 20:32:10] [GIVE DINHEIRO VIP] Eliax acumulou o dinheiro vip do jogador vulgoWesleyr de (0 para 65000)
[2021-03-01 20:37:03] [GIVE DINHEIRO VIP] Eliax acumulou o dinheiro vip do jogador Chapo de (0 para 70000)
[2021-03-01 20:38:14] [GIVE DINHEIRO VIP] Eliax acumulou o dinheiro vip do jogador Lara de (0 para 60000)
[2021-03-01 20:41:30] [GIVE DINHEIRO VIP] Eliax acumulou o dinheiro vip do jogador Xequevara de (0 para 65000)
[2021-03-01 21:13:38] [GIVE DINHEIRO VIP] Eliax acumulou o dinheiro vip do jogador SilvaDbK de (0 para 65000)
[2021-03-01 21:21:25] [GIVE DINHEIRO VIP] Eliax acumulou o dinheiro vip do jogador FormigaXT de (500 para 20500)
[2021-03-01 21:22:58] [GIVE DINHEIRO VIP] Eliax acumulou o dinheiro vip do jogador LeezinhO de (0 para 35000)
[2021-03-01 21:23:21] [GIVE DINHEIRO VIP] Eliax acumulou o dinheiro vip do jogador Mago Mardrake de (0 para 75000)
[2021-03-01 21:23:54] [GIVE DINHEIRO VIP] Eliax acumulou o dinheiro vip do jogador riser de (0 para 70000)
[2021-03-01 21:28:46] [GIVE DINHEIRO VIP] Eliax acumulou o dinheiro vip do jogador AliciaXT de (0 para 70000)
[2021-03-01 21:32:44] [GIVE DINHEIRO VIP] Eliax acumulou o dinheiro vip do jogador Cezinhaa de (0 para 40000)
[2021-03-01 21:33:15] [GIVE DINHEIRO VIP] Eliax acumulou o dinheiro vip do jogador Josildo Globadas de (0 para 65000)
[2021-03-01 21:34:39] [GIVE DINHEIRO VIP] Eliax acumulou o dinheiro vip do jogador Josildo Globadas de (0 para 5000)
[2021-03-01 21:36:06] [GIVE DINHEIRO VIP] Eliax acumulou o dinheiro vip do jogador DaNIKE de (0 para 55000)
[2021-03-01 21:36:54] [GIVE DINHEIRO VIP] Eliax acumulou o dinheiro vip do jogador Gomes de (0 para 35000)
[2021-03-01 21:37:23] [GIVE DINHEIRO VIP] Eliax acumulou o dinheiro vip do jogador LeezinhO de (35000 para 235000)
[2021-03-01 21:38:26] [GIVE DINHEIRO VIP] Eliax acumulou o dinheiro vip do jogador Gomes de (35000 para 40000)
[2021-03-01 21:38:52] [GIVE DINHEIRO VIP] Eliax acumulou o dinheiro vip do jogador Vitoria de (0 para 60000)
[2021-03-01 21:40:18] [GIVE DINHEIRO VIP] Eliax acumulou o dinheiro vip do jogador Ramos de (5000 para 15000)
[2021-03-01 21:41:10] [GIVE DINHEIRO VIP] Eliax acumulou o dinheiro vip do jogador Thiaguinho de (0 para 7000)
[2021-03-01 21:41:14] [RETIRAR DINHEIRO VIP] Eliax retirou o dinheiro vip do jogador Thiaguinho de (7000 para 0)
[2021-03-01 21:41:16] [RETIRAR DINHEIRO VIP] Eliax retirou o dinheiro vip do jogador Thiaguinho de (0 para -70000)
[2021-03-01 21:41:21] [GIVE DINHEIRO VIP] Eliax acumulou o dinheiro vip do jogador Thiaguinho de (-70000 para 0)
[2021-03-01 21:41:22] [GIVE DINHEIRO VIP] Eliax acumulou o dinheiro vip do jogador Thiaguinho de (0 para 70000)
[2021-03-01 23:43:38] [GIVE DINHEIRO VIP] Eliax acumulou o dinheiro vip do jogador BzK de (0 para 100000)
[2021-03-02 00:05:12] [GIVE DINHEIRO VIP] Eliax acumulou o dinheiro vip do jogador AnjimRJ de (0 para 65000)
[2021-03-02 00:09:41] [GIVE DINHEIRO VIP] Eliax acumulou o dinheiro vip do jogador LeezinhO de (105000 para 405000)
[2021-03-02 00:47:54] GIVE DINHEIRO] #ff0000[FG]Johnny mudou o dinheiro do Michael de (4081 para 5081)
[2021-03-02 16:29:34] [GIVE DINHEIRO VIP] #EEFD01[SUP-G]Ganancia acumulou o dinheiro vip do jogador Ganancia de (0 para 100000)
[2021-03-02 16:30:40] [GIVE DINHEIRO VIP] #EEFD01[SUP-G]Ganancia acumulou o dinheiro vip do jogador Ganancia de (40100 para 90100)
[2021-03-02 17:23:11] [GIVE DINHEIRO VIP] #ff0000[FG]Johnny acumulou o dinheiro vip do jogador Victorstyfne de (0 para 65000)
[2021-03-02 17:25:00] [RETIRAR DINHEIRO VIP] #ff0000[FG]Johnny retirou o dinheiro vip do jogador Victorstyfne de (65000 para 0)
[2021-03-02 17:25:25] [GIVE DINHEIRO VIP] #ff0000[FG]Johnny acumulou o dinheiro vip do jogador FooxMTA de (0 para 100000)
[2021-03-02 17:28:38] [GIVE DINHEIRO VIP] #ff0000[FG]Johnny acumulou o dinheiro vip do jogador Victorstyfne de (0 para 65000)
[2021-03-02 17:29:09] [GIVE DINHEIRO VIP] #ff0000[FG]Johnny acumulou o dinheiro vip do jogador DogDelasRJ de (0 para 60000)
[2021-03-02 17:32:42] [GIVE DINHEIRO VIP] #ff0000[FG]Johnny acumulou o dinheiro vip do jogador NeFastu de (0 para 70000)
[2021-03-02 17:33:58] [GIVE DINHEIRO VIP] #ff0000[FG]Johnny acumulou o dinheiro vip do jogador [SUP]Ale de (0 para 60000)
[2021-03-02 17:34:42] [GIVE DINHEIRO VIP] #ff0000[FG]Johnny acumulou o dinheiro vip do jogador Dogmal de (0 para 70000)
[2021-03-02 17:35:32] [GIVE DINHEIRO VIP] #ff0000[FG]Johnny acumulou o dinheiro vip do jogador Febros de (55000 para 65000)
[2021-03-02 17:36:11] [GIVE DINHEIRO VIP] #ff0000[FG]Johnny acumulou o dinheiro vip do jogador ZeDaFazenda de (0 para 65000)
[2021-03-02 17:38:41] [GIVE DINHEIRO VIP] #ff0000[FG]Johnny acumulou o dinheiro vip do jogador Vulgo TiviTyn de (0 para 70000)
[2021-03-02 17:38:50] [RETIRAR DINHEIRO VIP] #ff0000[FG]Johnny retirou o dinheiro vip do jogador Vulgo TiviTyn de (70000 para 65000)
[2021-03-02 17:39:49] [GIVE DINHEIRO VIP] #ff0000[FG]Johnny acumulou o dinheiro vip do jogador VulgoRs de (0 para 70000)
[2021-03-02 17:41:48] [GIVE DINHEIRO VIP] #ff0000[FG]Johnny acumulou o dinheiro vip do jogador VulgoLuis de (0 para 72)
[2021-03-02 17:41:52] [GIVE DINHEIRO VIP] #ff0000[FG]Johnny acumulou o dinheiro vip do jogador VulgoLuis de (72 para 72072)
[2021-03-02 17:43:29] [GIVE DINHEIRO VIP] #ff0000[FG]Johnny acumulou o dinheiro vip do jogador Jubileu esfolador de X de (0 para 130000)
[2021-03-02 17:48:43] [GIVE DINHEIRO VIP] #ff0000[FG]Johnny acumulou o dinheiro vip do jogador kaiser de (0 para 70000)
[2021-03-02 17:55:16] [GIVE DINHEIRO VIP] #ff0000[FG]Johnny acumulou o dinheiro vip do jogador LeoSantos de (0 para 200000)
[2021-03-02 17:56:30] [GIVE DINHEIRO VIP] #ff0000[FG]Johnny acumulou o dinheiro vip do jogador cherosaa de (3520 para 68520)
[2021-03-02 17:59:11] [GIVE DINHEIRO VIP] #ff0000[FG]Johnny acumulou o dinheiro vip do jogador breno de (0 para 50000)
[2021-03-02 18:02:08] [GIVE DINHEIRO VIP] #ff0000[FG]Johnny acumulou o dinheiro vip do jogador Tripe Tonhao de (800 para 40800)
[2021-03-02 18:04:10] [GIVE DINHEIRO VIP] #ff0000[FG]Johnny acumulou o dinheiro vip do jogador Guilherme Beiramar de (0 para 200000)
[2021-03-02 18:07:16] [GIVE DINHEIRO VIP] #ff0000[FG]Johnny acumulou o dinheiro vip do jogador eoDrax de (0 para 6000)
[2021-03-02 18:07:20] [GIVE DINHEIRO VIP] #ff0000[FG]Johnny acumulou o dinheiro vip do jogador eoDrax de (6000 para 10000)
[2021-03-02 18:07:52] [GIVE DINHEIRO VIP] #ff0000[FG]Johnny acumulou o dinheiro vip do jogador TioNog de (0 para 55000)
[2021-03-02 18:09:22] [GIVE DINHEIRO VIP] #ff0000[FG]Johnny acumulou o dinheiro vip do jogador DaZaReA de (0 para 200000)
[2021-03-02 18:10:09] [GIVE DINHEIRO VIP] #ff0000[FG]Johnny acumulou o dinheiro vip do jogador aaron de (0 para 40000)
[2021-03-02 18:10:34] [GIVE DINHEIRO VIP] #ff0000[FG]Johnny acumulou o dinheiro vip do jogador zPedrin de (0 para 65000)
[2021-03-02 18:11:53] [GIVE DINHEIRO VIP] #ff0000[FG]Johnny acumulou o dinheiro vip do jogador VGZIIN de (0 para 65000)
[2021-03-02 18:16:22] [GIVE DINHEIRO VIP] #ff0000[FG]Johnny acumulou o dinheiro vip do jogador Admin de (0 para 60000)
[2021-03-02 20:09:08] [GIVE DINHEIRO VIP] #ff0000[FG]Johnny acumulou o dinheiro vip do jogador Kauan~^ de (0 para 70000)
[2021-03-02 20:11:05] [GIVE DINHEIRO VIP] #ff0000[FG]Johnny acumulou o dinheiro vip do jogador #ff00ff>SouzinhaXvideo de (0 para 140000)
[2021-03-02 20:12:37] [GIVE DINHEIRO VIP] #ff0000[FG]Johnny acumulou o dinheiro vip do jogador Eduardo de (0 para 70000)
[2021-03-02 20:17:14] [GIVE DINHEIRO VIP] #ff0000[FG]Johnny acumulou o dinheiro vip do jogador talysson de (0 para 70000)
[2021-03-02 20:24:46] [GIVE DINHEIRO VIP] #ff0000[FG]Johnny acumulou o dinheiro vip do jogador Matheus Siebra Pereira de (0 para 70000)
[2021-03-02 20:25:25] [GIVE DINHEIRO VIP] #ff0000[FG]Johnny acumulou o dinheiro vip do jogador Irmao Alves de (50 para 60050)
[2021-03-02 20:25:54] [GIVE DINHEIRO VIP] #ff0000[FG]Johnny acumulou o dinheiro vip do jogador FormigaXT de (2000 para 32000)
[2021-03-02 20:26:24] [GIVE DINHEIRO VIP] #ff0000[FG]Johnny acumulou o dinheiro vip do jogador VulgoLuis de (7972 para 112972)
[2021-03-02 20:27:29] [GIVE DINHEIRO VIP] #ff0000[FG]Johnny acumulou o dinheiro vip do jogador Chamyto de (0 para 70000)
[2021-03-02 20:29:03] [GIVE DINHEIRO VIP] #ff0000[FG]Johnny acumulou o dinheiro vip do jogador Fer de (0 para 70000)
[2021-03-02 20:29:55] [GIVE DINHEIRO VIP] #ff0000[FG]Johnny acumulou o dinheiro vip do jogador [SUP]Vitor de (0 para 55000)
[2021-03-03 00:57:16] [GIVE DINHEIRO VIP] Eliax acumulou o dinheiro vip do jogador Eliax de (139300 para 339300)
[2021-03-03 02:01:56] [GIVE DINHEIRO VIP] Eliax acumulou o dinheiro vip do jogador Eliax de (27300 para 10027300)
[2021-03-03 03:07:07] GIVE DINHEIRO] Eliax mudou o dinheiro do Eliax de (1526 para 101526)
[2021-03-03 05:42:45] GIVE DINHEIRO] #FF0000[FG]Banidor mudou o dinheiro do #FF0000[FG]Banidor de (81 para 10000081)
[2021-03-03 17:33:30] [GIVE DINHEIRO VIP] Eliax acumulou o dinheiro vip do jogador OweeN^ de (100 para 60100)
[2021-03-03 17:36:01] [GIVE DINHEIRO VIP] Eliax acumulou o dinheiro vip do jogador Dede de (0 para 65000)
[2021-03-03 17:37:13] [GIVE DINHEIRO VIP] Eliax acumulou o dinheiro vip do jogador Kadu de (0 para 65000)
[2021-03-03 17:38:20] [GIVE DINHEIRO VIP] Eliax acumulou o dinheiro vip do jogador VulgoFr de (0 para 130000)
[2021-03-03 17:40:32] [GIVE DINHEIRO VIP] Eliax acumulou o dinheiro vip do jogador VulgoBolachar de (0 para 70000)
[2021-03-03 17:43:07] [GIVE DINHEIRO VIP] Eliax acumulou o dinheiro vip do jogador Makayla de (0 para 55000)
[2021-03-03 17:43:46] [GIVE DINHEIRO VIP] Eliax acumulou o dinheiro vip do jogador TL de (0 para 60000)
[2021-03-03 17:45:49] [GIVE DINHEIRO VIP] Eliax acumulou o dinheiro vip do jogador Lorenzo de (0 para 100000)
[2021-03-03 17:46:41] [GIVE DINHEIRO VIP] Eliax acumulou o dinheiro vip do jogador Olivia de (5000 para 75000)
[2021-03-03 17:47:59] [GIVE DINHEIRO VIP] Eliax acumulou o dinheiro vip do jogador CarlosDLC de (0 para 75000)
[2021-03-03 17:54:45] [GIVE DINHEIRO VIP] Eliax acumulou o dinheiro vip do jogador Jamaica de (0 para 70000)
[2021-03-03 17:56:11] [GIVE DINHEIRO VIP] Eliax acumulou o dinheiro vip do jogador riser de (4500 para 64500)
[2021-03-03 17:59:25] [GIVE DINHEIRO VIP] Eliax acumulou o dinheiro vip do jogador Kiing de (0 para 345000)
[2021-03-03 18:04:14] [GIVE DINHEIRO VIP] Eliax acumulou o dinheiro vip do jogador VulgoGomes de (0 para 160000)
[2021-03-03 18:05:40] [GIVE DINHEIRO VIP] Eliax acumulou o dinheiro vip do jogador DaZaReA de (24800 para 154800)
[2021-03-03 18:07:12] [GIVE DINHEIRO VIP] Eliax acumulou o dinheiro vip do jogador breno de (50000 para 65000)
[2021-03-03 18:07:29] [GIVE DINHEIRO VIP] Eliax acumulou o dinheiro vip do jogador erickferretti de (0 para 100000)
[2021-03-03 18:14:18] [GIVE DINHEIRO VIP] Eliax acumulou o dinheiro vip do jogador Victor Mello de (0 para 65000)
[2021-03-03 18:14:52] [GIVE DINHEIRO VIP] Eliax acumulou o dinheiro vip do jogador yNexus de (0 para 65000)
[2021-03-03 20:08:26] [GIVE DINHEIRO VIP] #FF0000[FG]Banidor acumulou o dinheiro vip do jogador Guilherme H de (0 para 65000)
[2021-03-03 20:08:53] [GIVE DINHEIRO VIP] #FF0000[FG]Banidor acumulou o dinheiro vip do jogador Irmao Alves de (40250 para 100250)
[2021-03-03 20:09:20] [GIVE DINHEIRO VIP] #FF0000[FG]Banidor acumulou o dinheiro vip do jogador KaioSd de (0 para 65000)
[2021-03-03 20:24:25] [GIVE DINHEIRO VIP] #FF0000[FG]Banidor acumulou o dinheiro vip do jogador Favelinhaa de (0 para 225000)
[2021-03-03 20:27:42] [GIVE DINHEIRO VIP] #FF0000[FG]Banidor acumulou o dinheiro vip do jogador Rasta de (0 para 60000)
[2021-03-03 21:40:25] [GIVE DINHEIRO VIP] #FF0000[FG]Banidor acumulou o dinheiro vip do jogador Alisson Franklin de (0 para 165000)
[2021-03-03 21:43:37] [GIVE DINHEIRO VIP] #FF0000[FG]Banidor acumulou o dinheiro vip do jogador Romano de (0 para 145000)
[2021-03-03 21:44:37] [GIVE DINHEIRO VIP] #FF0000[FG]Banidor acumulou o dinheiro vip do jogador sant de (0 para 30000)
[2021-03-03 21:46:34] [GIVE DINHEIRO VIP] #FF0000[FG]Banidor acumulou o dinheiro vip do jogador sant de (30000 para 40000)
[2021-03-03 21:53:41] [GIVE DINHEIRO VIP] #FF0000[FG]Banidor acumulou o dinheiro vip do jogador bellopdf de (0 para 115000)
[2021-03-03 21:56:26] [GIVE DINHEIRO VIP] #FF0000[FG]Banidor acumulou o dinheiro vip do jogador Kaua de (0 para 55000)
[2021-03-03 22:05:27] [GIVE DINHEIRO VIP] #FF0000[FG]Banidor acumulou o dinheiro vip do jogador LeezinhO de (10000 para 110000)
[2021-03-03 22:06:51] [GIVE DINHEIRO VIP] #FF0000[FG]Banidor acumulou o dinheiro vip do jogador LeezinhO de (110000 para 210000)
[2021-03-03 22:09:55] [GIVE DINHEIRO VIP] #FF0000[FG]Banidor acumulou o dinheiro vip do jogador ChristianDoBm de (0 para 65000)
[2021-03-03 22:10:36] [GIVE DINHEIRO VIP] #FF0000[FG]Banidor acumulou o dinheiro vip do jogador Bruce Charles de (31000 para 91000)
[2021-03-04 05:52:41] GIVE DINHEIRO] #FF0000[FG]Banidor mudou o dinheiro do banco do Michael de (119000 para 1119000)
[2021-03-04 06:00:24] [GIVE DINHEIRO VIP] #FF0000[FG]Banidor acumulou o dinheiro vip do jogador Elias de (0 para 10000)
[2021-03-04 17:37:37] [GIVE DINHEIRO VIP] Eliax acumulou o dinheiro vip do jogador LucaO de (0 para 70000)
[2021-03-04 17:39:13] [GIVE DINHEIRO VIP] Eliax acumulou o dinheiro vip do jogador #00FF00ManoKiller de (220 para 15220)
[2021-03-04 17:40:58] [GIVE DINHEIRO VIP] Eliax acumulou o dinheiro vip do jogador VulgooLz de (0 para 100000)
[2021-03-04 17:45:01] [GIVE DINHEIRO VIP] Eliax acumulou o dinheiro vip do jogador kauan de (500 para 100500)
[2021-03-04 17:49:07] [GIVE DINHEIRO VIP] Eliax acumulou o dinheiro vip do jogador Makayla de (55000 para 155000)
[2021-03-04 17:49:36] [GIVE DINHEIRO VIP] Eliax acumulou o dinheiro vip do jogador Insane de (1080 para 201080)
[2021-03-04 17:51:26] [GIVE DINHEIRO VIP] Eliax acumulou o dinheiro vip do jogador DanZinhRJ de (0 para 65000)
[2021-03-04 17:58:17] [GIVE DINHEIRO VIP] Eliax acumulou o dinheiro vip do jogador Jorgecrs de (5100 para 315100)
[2021-03-04 17:58:36] [GIVE DINHEIRO VIP] Eliax acumulou o dinheiro vip do jogador Fuzzer de (0 para 40000)
[2021-03-04 18:00:29] [GIVE DINHEIRO VIP] Eliax acumulou o dinheiro vip do jogador Kaua de (55000 para 70000)
[2021-03-04 18:03:30] [GIVE DINHEIRO VIP] Eliax acumulou o dinheiro vip do jogador VulgoBeffy de (0 para 310000)
[2021-03-04 18:06:25] [GIVE DINHEIRO VIP] Eliax acumulou o dinheiro vip do jogador KNJOGA de (0 para 55000)
[2021-03-04 18:08:19] [GIVE DINHEIRO VIP] Eliax acumulou o dinheiro vip do jogador BadBoy de (0 para 65000)
[2021-03-04 20:47:04] [GIVE DINHEIRO VIP] Eliax acumulou o dinheiro vip do jogador menoT  de (0 para 100000)
[2021-03-04 21:10:17] [GIVE DINHEIRO VIP] Eliax acumulou o dinheiro vip do jogador Carlinhospcl RJ de (0 para 60000)
[2021-03-04 21:12:36] [GIVE DINHEIRO VIP] Eliax acumulou o dinheiro vip do jogador Serjao de (0 para 60000)
[2021-03-04 21:14:11] [GIVE DINHEIRO VIP] Eliax acumulou o dinheiro vip do jogador Bastos de (0 para 70000)
[2021-03-04 21:14:43] [GIVE DINHEIRO VIP] Eliax acumulou o dinheiro vip do jogador FormigaXT de (9500 para 19500)
[2021-03-04 21:14:59] [GIVE DINHEIRO VIP] Eliax acumulou o dinheiro vip do jogador skyHDTV de (0 para 130000)
[2021-03-04 21:19:35] [GIVE DINHEIRO VIP] Eliax acumulou o dinheiro vip do jogador AliciaXT de (990 para 10990)
[2021-03-04 21:22:36] [GIVE DINHEIRO VIP] Eliax acumulou o dinheiro vip do jogador VulgoZeezin de (0 para 65000)
[2021-03-04 21:23:12] [GIVE DINHEIRO VIP] Eliax acumulou o dinheiro vip do jogador Ribeiro de (53000 para 65000)
[2021-03-04 21:23:44] [GIVE DINHEIRO VIP] Eliax acumulou o dinheiro vip do jogador FrazaoRJ de (0 para 70000)
[2021-03-04 21:25:15] [GIVE DINHEIRO VIP] Eliax acumulou o dinheiro vip do jogador KDR de (0 para 100000)
[2021-03-04 22:02:30] GIVE DINHEIRO] #FF0000[FG]Banidor mudou o dinheiro do banco do Losty BalaTensa de (86994 para 146994)
[2021-03-04 22:03:27] GIVE DINHEIRO] #FF0000[FG]Banidor mudou o dinheiro do banco do Losty BalaTensa de (146994 para 156994)
[2021-03-04 22:04:09] GIVE DINHEIRO] #FF0000[FG]Banidor mudou o dinheiro do banco do Losty BalaTensa de (156994 para 206994)
[2021-03-04 22:09:35] [SETAR DINHEIRO] #FF0000[FG]Banidor retirou com sucesso o dinheiro do banco de Eliax de. (33000 para -467000)
[2021-03-04 22:09:53] [SETAR DINHEIRO] #FF0000[FG]Banidor setou com sucesso o dinheiro do banco de Eliax para (0)
[2021-03-04 22:10:01] [SETAR DINHEIRO] #FF0000[FG]Banidor retirou com sucesso o dinheiro do banco de Eliax de. (0 para -17000)
[2021-03-04 22:10:26] GIVE DINHEIRO] #FF0000[FG]Banidor mudou o dinheiro do banco do Eliax de (-17000 para 33000)
[2021-03-04 22:56:05] GIVE DINHEIRO] Eliax mudou o dinheiro do Eliax de (0 para 10000)
[2021-03-04 23:19:40] GIVE DINHEIRO] #FF0000[FG]Banidor mudou o dinheiro do Michael de (0 para 100000)
[2021-03-04 23:52:10] [SETAR DINHEIRO] #FF0000[FG]Banidor setou com sucesso o dinheiro de Michael para (0)
[2021-03-05 00:05:52] [SETAR DINHEIRO] #FF0000[FG]Banidor retirou com sucesso o dinheiro de Michael de. (39075 para 24075)
[2021-03-05 00:06:16] [SETAR DINHEIRO] #FF0000[FG]Banidor retirou com sucesso o dinheiro de Michael de. (24075 para 9075)
[2021-03-05 02:23:36] GIVE DINHEIRO] #FF0000[FG]Banidor mudou o dinheiro do krystian de (2111 para 3611)
[2021-03-05 17:11:47] [GIVE DINHEIRO VIP] Eliax acumulou o dinheiro vip do jogador Juliox de (0 para 130000)
[2021-03-05 17:15:39] [GIVE DINHEIRO VIP] Eliax acumulou o dinheiro vip do jogador Carolina Gomes de (0 para 365000)
[2021-03-05 17:16:41] [GIVE DINHEIRO VIP] Eliax acumulou o dinheiro vip do jogador VulgoGaucho de (0 para 65000)
[2021-03-05 17:18:46] [GIVE DINHEIRO VIP] Eliax acumulou o dinheiro vip do jogador SkunkDoBom de (0 para 65000)
[2021-03-05 17:21:34] [GIVE DINHEIRO VIP] Eliax acumulou o dinheiro vip do jogador vulgoDyBala de (0 para 65000)
[2021-03-05 17:21:42] [RETIRAR DINHEIRO VIP] Eliax retirou o dinheiro vip do jogador vulgoDyBala de (65000 para 0)
[2021-03-05 17:23:33] [GIVE DINHEIRO VIP] Eliax acumulou o dinheiro vip do jogador StrangerRJ de (0 para 65000)
[2021-03-05 17:24:14] [GIVE DINHEIRO VIP] Eliax acumulou o dinheiro vip do jogador Bolsonaro de (0 para 65000)
[2021-03-05 17:25:07] [GIVE DINHEIRO VIP] Eliax acumulou o dinheiro vip do jogador Bolsonaro de (65000 para 130000)
[2021-03-05 17:25:19] [RETIRAR DINHEIRO VIP] Eliax retirou o dinheiro vip do jogador Bolsonaro de (130000 para 65000)
[2021-03-05 17:26:44] [GIVE DINHEIRO VIP] Eliax acumulou o dinheiro vip do jogador junin de (0 para 65000)
[2021-03-05 17:41:56] [GIVE DINHEIRO VIP] Eliax acumulou o dinheiro vip do jogador Cristal de (0 para 70000)
[2021-03-05 17:46:17] [GIVE DINHEIRO VIP] Eliax acumulou o dinheiro vip do jogador Silvao de (1500 para 211500)
[2021-03-05 17:47:11] [GIVE DINHEIRO VIP] Eliax acumulou o dinheiro vip do jogador VulgoBeffy de (54000 para 174000)
[2021-03-05 17:49:30] [GIVE DINHEIRO VIP] Eliax acumulou o dinheiro vip do jogador TizilRJ de (0 para 75000)
[2021-03-05 17:51:35] [GIVE DINHEIRO VIP] Eliax acumulou o dinheiro vip do jogador KNJOGA de (55000 para 65000)
[2021-03-05 18:03:37] [GIVE DINHEIRO VIP] Eliax acumulou o dinheiro vip do jogador Ninguem de (0 para 70000)
[2021-03-05 20:07:29] [GIVE DINHEIRO VIP] #FF0000[FG]Banidor acumulou o dinheiro vip do jogador MatheusRJ de (0 para 65000)
[2021-03-05 20:09:46] [GIVE DINHEIRO VIP] #FF0000[FG]Banidor acumulou o dinheiro vip do jogador Paris de (0 para 70000)
[2021-03-05 20:11:47] [GIVE DINHEIRO VIP] #FF0000[FG]Banidor acumulou o dinheiro vip do jogador pkzinRJ de (0 para 70000)
[2021-03-05 20:12:16] [GIVE DINHEIRO VIP] #FF0000[FG]Banidor acumulou o dinheiro vip do jogador Emily de (0 para 60000)
[2021-03-05 20:13:27] [GIVE DINHEIRO VIP] #FF0000[FG]Banidor acumulou o dinheiro vip do jogador vexsz de (0 para 120000)
[2021-03-05 20:13:59] [GIVE DINHEIRO VIP] #FF0000[FG]Banidor acumulou o dinheiro vip do jogador JvBispo de (0 para 140000)
[2021-03-05 20:18:41] [GIVE DINHEIRO VIP] #FF0000[FG]Banidor acumulou o dinheiro vip do jogador Thiaguinho de (0 para 55000)
[2021-03-05 20:21:28] [RETIRAR DINHEIRO VIP] #FF0000[FG]Banidor retirou o dinheiro vip do jogador Thiaguinho de (55000 para 0)
[2021-03-05 20:24:32] [GIVE DINHEIRO VIP] #FF0000[FG]Banidor acumulou o dinheiro vip do jogador [SUP]Kayque de (0 para 60000)
[2021-03-05 23:19:31] GIVE DINHEIRO] #FF0000[FG]Banidor mudou o dinheiro do Patrick Gomes de (3991 para 4991)
[2021-03-06 17:20:15] [GIVE DINHEIRO VIP] Admin acumulou o dinheiro vip do jogador KauanXunim de (0 para 70000)
[2021-03-06 17:28:32] [GIVE DINHEIRO VIP] Admin acumulou o dinheiro vip do jogador Arthur de (0 para 65000)
[2021-03-06 17:30:38] [GIVE DINHEIRO VIP] Admin acumulou o dinheiro vip do jogador FelipeDoBm de (0 para 65000)
[2021-03-06 17:34:00] [GIVE DINHEIRO VIP] Admin acumulou o dinheiro vip do jogador noetzs de (0 para 250000)
[2021-03-06 17:35:47] [GIVE DINHEIRO VIP] Admin acumulou o dinheiro vip do jogador SymonRJ de (0 para 70000)
[2021-03-06 17:37:04] [GIVE DINHEIRO VIP] Admin acumulou o dinheiro vip do jogador Silvahh de (0 para 65000)
[2021-03-06 17:43:17] [GIVE DINHEIRO VIP] Admin acumulou o dinheiro vip do jogador Antonio de (0 para 70000)
[2021-03-06 17:46:22] [GIVE DINHEIRO VIP] Admin acumulou o dinheiro vip do jogador Ruan Type de (0 para 400000)
[2021-03-06 17:48:33] [GIVE DINHEIRO VIP] Admin acumulou o dinheiro vip do jogador WM de (0 para 55000)
[2021-03-06 17:50:25] [GIVE DINHEIRO VIP] Admin acumulou o dinheiro vip do jogador Vulgo Zezin de (0 para 70000)
[2021-03-06 17:52:21] [GIVE DINHEIRO VIP] Admin acumulou o dinheiro vip do jogador Lopesz Buchanans de (0 para 65000)
[2021-03-06 17:52:39] [GIVE DINHEIRO VIP] Admin acumulou o dinheiro vip do jogador Odin Buchanans de (0 para 30000)
[2021-03-06 17:55:44] [GIVE DINHEIRO VIP] Admin acumulou o dinheiro vip do jogador Odin Buchanans de (30000 para 65000)
[2021-03-06 17:57:25] [GIVE DINHEIRO VIP] Admin acumulou o dinheiro vip do jogador Paulin Bacana de (0 para 65000)
[2021-03-06 18:00:25] [GIVE DINHEIRO VIP] Admin acumulou o dinheiro vip do jogador LGSMascara de (0 para 75000)
[2021-03-08 17:17:07] [GIVE DINHEIRO VIP] Eliax acumulou o dinheiro vip do jogador vulgoWesleyr de (0 para 135000)
[2021-03-08 17:17:25] [RETIRAR DINHEIRO VIP] Eliax retirou o dinheiro vip do jogador vulgoWesleyr de (135000 para 0)
[2021-03-08 17:17:34] [GIVE DINHEIRO VIP] Eliax acumulou o dinheiro vip do jogador vulgoWesleyr de (0 para 210000)
[2021-03-08 17:20:58] [GIVE DINHEIRO VIP] Eliax acumulou o dinheiro vip do jogador riser de (53000 para 158000)
[2021-03-08 17:21:50] [GIVE DINHEIRO VIP] Eliax acumulou o dinheiro vip do jogador FormigaXT de (490 para 100490)
[2021-03-08 17:26:15] [GIVE DINHEIRO VIP] Eliax acumulou o dinheiro vip do jogador Dakota de (0 para 130000)
[2021-03-08 17:29:42] [GIVE DINHEIRO VIP] Eliax acumulou o dinheiro vip do jogador eDuardiinh de (0 para 20000)
[2021-03-08 17:30:37] [GIVE DINHEIRO VIP] Eliax acumulou o dinheiro vip do jogador JeanL de (0 para 4000)
[2021-03-08 17:30:41] [RETIRAR DINHEIRO VIP] Eliax retirou o dinheiro vip do jogador JeanL de (4000 para 0)
[2021-03-08 17:30:43] [GIVE DINHEIRO VIP] Eliax acumulou o dinheiro vip do jogador JeanL de (0 para 40000)
[2021-03-08 17:40:28] [GIVE DINHEIRO VIP] Eliax acumulou o dinheiro vip do jogador Vulgo Maneirinho de (0 para 60000)
[2021-03-08 17:41:33] [GIVE DINHEIRO VIP] Eliax acumulou o dinheiro vip do jogador Vulgo Maneirinho de (60000 para 120000)
[2021-03-08 17:41:43] [RETIRAR DINHEIRO VIP] Eliax retirou o dinheiro vip do jogador Vulgo Maneirinho de (120000 para 60000)
[2021-03-08 17:43:13] [GIVE DINHEIRO VIP] Eliax acumulou o dinheiro vip do jogador TizilRJ de (0 para 250000)
[2021-03-08 17:44:30] [GIVE DINHEIRO VIP] Eliax acumulou o dinheiro vip do jogador Ender de (0 para 100000)
[2021-03-08 17:46:46] [GIVE DINHEIRO VIP] Eliax acumulou o dinheiro vip do jogador WM de (2000 para 22000)
[2021-03-08 17:49:01] [GIVE DINHEIRO VIP] Eliax acumulou o dinheiro vip do jogador Deivid Osorio de (0 para 70000)
[2021-03-08 18:12:35] [GIVE DINHEIRO VIP] Eliax acumulou o dinheiro vip do jogador Fellypinho RJ de (0 para 70000)
[2021-03-08 18:14:08] [GIVE DINHEIRO VIP] Eliax acumulou o dinheiro vip do jogador Filipe Xavier Brunel de (0 para 70000)
[2021-03-08 18:17:15] [GIVE DINHEIRO VIP] Eliax acumulou o dinheiro vip do jogador JhonRJ de (0 para 100000)
[2021-03-08 18:18:48] [GIVE DINHEIRO VIP] Eliax acumulou o dinheiro vip do jogador Vulgo Vitar de (0 para 75000)
[2021-03-08 18:20:14] [GIVE DINHEIRO VIP] Eliax acumulou o dinheiro vip do jogador Kaue Berti de (0 para 70000)
[2021-03-08 18:22:23] [GIVE DINHEIRO VIP] Eliax acumulou o dinheiro vip do jogador Kitty de (0 para 75000)
[2021-03-08 18:43:42] [GIVE DINHEIRO VIP] Eliax acumulou o dinheiro vip do jogador Mauro de (0 para 40000)
[2021-03-08 18:44:10] [GIVE DINHEIRO VIP] Eliax acumulou o dinheiro vip do jogador Renan de (0 para 130000)
[2021-03-08 18:45:55] [GIVE DINHEIRO VIP] Eliax acumulou o dinheiro vip do jogador Fernanda SLV de (0 para 50000)
[2021-03-08 18:47:40] [GIVE DINHEIRO VIP] Eliax acumulou o dinheiro vip do jogador BetoZK de (0 para 60000)
[2021-03-08 18:50:38] [GIVE DINHEIRO VIP] Eliax acumulou o dinheiro vip do jogador Lopesz Buchanans de (0 para 1000)
[2021-03-08 18:53:29] [GIVE DINHEIRO VIP] Eliax acumulou o dinheiro vip do jogador Medeiros de (0 para 120000)
[2021-03-08 18:57:57] [GIVE DINHEIRO VIP] Eliax acumulou o dinheiro vip do jogador LucasRodrigues de (0 para 75000)
[2021-03-08 18:58:56] [GIVE DINHEIRO VIP] Eliax acumulou o dinheiro vip do jogador LucasRodrigues de (75000 para 150000)
[2021-03-08 18:59:06] [RETIRAR DINHEIRO VIP] Eliax retirou o dinheiro vip do jogador LucasRodrigues de (150000 para 75000)
[2021-03-08 19:16:55] [GIVE DINHEIRO VIP] Eliax acumulou o dinheiro vip do jogador LuanDK de (0 para 65000)
[2021-03-08 19:18:02] [GIVE DINHEIRO VIP] Eliax acumulou o dinheiro vip do jogador Luisa de (0 para 210000)
[2021-03-08 19:19:22] [GIVE DINHEIRO VIP] Eliax acumulou o dinheiro vip do jogador monsterrRJ de (0 para 60000)
[2021-03-08 19:21:14] [GIVE DINHEIRO VIP] Eliax acumulou o dinheiro vip do jogador JuanRJ de (0 para 70000)
[2021-03-08 19:22:01] [GIVE DINHEIRO VIP] Eliax acumulou o dinheiro vip do jogador JuanRJ de (70000 para 140000)
[2021-03-08 19:22:10] [RETIRAR DINHEIRO VIP] Eliax retirou o dinheiro vip do jogador JuanRJ de (140000 para 70000)
[2021-03-08 19:23:52] [GIVE DINHEIRO VIP] Eliax acumulou o dinheiro vip do jogador VulgoKaio rj de (0 para 100000)
[2021-03-08 19:29:48] [GIVE DINHEIRO VIP] Eliax acumulou o dinheiro vip do jogador matheusmta de (0 para 120000)
[2021-03-08 19:30:35] [GIVE DINHEIRO VIP] Eliax acumulou o dinheiro vip do jogador leonardo de (0 para 65000)
[2021-03-08 20:01:50] GIVE DINHEIRO] Eliax mudou o dinheiro do Eliax de (0 para 1000000)
[2021-03-08 20:12:26] [GIVE DINHEIRO VIP] Eliax acumulou o dinheiro vip do jogador ViniciusPH de (0 para 40000)
[2021-03-08 20:23:44] [GIVE DINHEIRO VIP] Eliax acumulou o dinheiro vip do jogador shark de (0 para 65000)
[2021-03-08 20:27:40] [GIVE DINHEIRO VIP] Eliax acumulou o dinheiro vip do jogador VulgoLK de (0 para 65000)
[2021-03-08 20:29:33] [GIVE DINHEIRO VIP] Eliax acumulou o dinheiro vip do jogador [SUP]Nobice de (0 para 40000)
[2021-03-08 20:35:44] GIVE DINHEIRO] #FF0000[FG]Banidor mudou o dinheiro do Michael de (-10 para 99990)
[2021-03-08 20:50:13] [GIVE DINHEIRO VIP] Eliax acumulou o dinheiro vip do jogador Kitty de (10000 para 35000)
[2021-03-08 20:50:54] [GIVE DINHEIRO VIP] Eliax acumulou o dinheiro vip do jogador Gustavo de (0 para 70000)
[2021-03-08 20:57:52] [GIVE DINHEIRO VIP] Eliax acumulou o dinheiro vip do jogador VulgoBeffy de (80 para 120080)
[2021-03-08 20:59:28] [SETAR DINHEIRO] Eliax retirou com sucesso o dinheiro de Eliax de. (989800 para 4800)
[2021-03-08 21:23:27] [GIVE DINHEIRO VIP] Eliax acumulou o dinheiro vip do jogador LeezinhO de (10000 para 70000)
[2021-03-08 21:31:13] [GIVE DINHEIRO VIP] Eliax acumulou o dinheiro vip do jogador Desconhecido de (0 para 65000)
[2021-03-08 22:56:13] GIVE DINHEIRO] Eliax mudou o dinheiro do Eliax de (0 para 10000)
[2021-03-09 02:25:18] GIVE DINHEIRO] #FF0000[FG]Banidor mudou o dinheiro do Admin de (5000 para 6000)
[2021-03-09 17:16:34] [GIVE DINHEIRO VIP] Eliax acumulou o dinheiro vip do jogador Carlinhos Silva de (0 para 70000)
[2021-03-09 17:35:31] [GIVE DINHEIRO VIP] Eliax acumulou o dinheiro vip do jogador LeozinDbK de (0 para 65000)
[2021-03-09 17:40:29] [GIVE DINHEIRO VIP] Eliax acumulou o dinheiro vip do jogador PRATININ de (0 para 25000)
[2021-03-09 17:41:27] [GIVE DINHEIRO VIP] Eliax acumulou o dinheiro vip do jogador FormigaXT de (25990 para 45990)
[2021-03-09 17:42:00] [GIVE DINHEIRO VIP] Eliax acumulou o dinheiro vip do jogador Insane de (80 para 100080)
[2021-03-09 17:43:19] [GIVE DINHEIRO VIP] Eliax acumulou o dinheiro vip do jogador babuino de (16000 para 71000)
[2021-03-09 17:49:20] [GIVE DINHEIRO VIP] Eliax acumulou o dinheiro vip do jogador vexsz de (120000 para 130000)
[2021-03-09 18:01:49] [GIVE DINHEIRO VIP] Eliax acumulou o dinheiro vip do jogador Meidin de (0 para 65000)
[2021-03-09 18:04:14] [GIVE DINHEIRO VIP] Eliax acumulou o dinheiro vip do jogador KaduRJ de (0 para 55000)
[2021-03-09 18:05:37] [GIVE DINHEIRO VIP] Eliax acumulou o dinheiro vip do jogador Meidin de (65000 para 70000)
[2021-03-09 18:08:40] [GIVE DINHEIRO VIP] Eliax acumulou o dinheiro vip do jogador Dreanox de (0 para 55000)
[2021-03-09 19:37:07] [GIVE DINHEIRO VIP] #FF0000[FG]Banidor acumulou o dinheiro vip do jogador Xequevara de (0 para 10000)
[2021-03-09 19:39:37] GIVE DINHEIRO] #FF0000[FG]Banidor mudou o dinheiro do Michael de (0 para 100000)
[2021-03-09 19:40:07] GIVE DINHEIRO] #FF0000[FG]Banidor mudou o dinheiro do Xequevara de (-645 para 9355)
[2021-03-09 19:52:43] [GIVE DINHEIRO VIP] Eliax acumulou o dinheiro vip do jogador VulgoGusta de (0 para 60000)
[2021-03-09 19:54:03] [GIVE DINHEIRO VIP] Eliax acumulou o dinheiro vip do jogador VulgoCemente RJ de (0 para 70000)
[2021-03-09 20:02:06] [GIVE DINHEIRO VIP] Eliax acumulou o dinheiro vip do jogador Ban de (300 para 10300)
[2021-03-09 20:19:51] GIVE DINHEIRO] #FF0000[FG]Banidor mudou o dinheiro do Eliax de (4188 para 14188)
[2021-03-09 21:02:32] GIVE DINHEIRO] #FF0000[FG]Banidor mudou o dinheiro do Michael de (0 para 10000)
[2021-03-09 21:07:53] GIVE DINHEIRO] Eliax mudou o dinheiro do Eliax de (0 para 10000)
[2021-03-10 00:50:12] GIVE DINHEIRO] #FF0000[FG]Banidor mudou o dinheiro do Michael de (0 para 100000)
[2021-03-10 01:15:19] GIVE DINHEIRO] #FF0000[FG]Banidor mudou o dinheiro do Eliax de (36 para 10036)
[2021-03-10 01:15:29] GIVE DINHEIRO] #FF0000[FG]Banidor mudou o dinheiro do Dreanox de (889 para 10889)
[2021-03-10 01:15:56] GIVE DINHEIRO] #FF0000[FG]Banidor mudou o dinheiro do Dreanox de (8089 para 18089)
[2021-03-10 01:26:38] [SETAR DINHEIRO] #FF0000[FG]Banidor retirou com sucesso o dinheiro de Dreanox de. (1639 para -8361)
[2021-03-10 01:26:44] [SETAR DINHEIRO] #FF0000[FG]Banidor retirou com sucesso o dinheiro de Dreanox de. (-8361 para -18361)
[2021-03-10 01:26:58] GIVE DINHEIRO] #FF0000[FG]Banidor mudou o dinheiro do Dreanox de (-18361 para -8361)
[2021-03-10 17:39:46] [GIVE DINHEIRO VIP] Eliax acumulou o dinheiro vip do jogador breno jesus dos santos de (0 para 60000)
[2021-03-10 17:40:20] [GIVE DINHEIRO VIP] Eliax acumulou o dinheiro vip do jogador Vulgo Bh de (0 para 100000)
[2021-03-10 17:42:00] [GIVE DINHEIRO VIP] Eliax acumulou o dinheiro vip do jogador ViniciusMDK de (0 para 70000)
[2021-03-10 17:42:53] [GIVE DINHEIRO VIP] Eliax acumulou o dinheiro vip do jogador ViniciusMDK de (70000 para 145000)
[2021-03-10 17:42:59] [RETIRAR DINHEIRO VIP] Eliax retirou o dinheiro vip do jogador ViniciusMDK de (145000 para 70000)
[2021-03-10 17:43:07] [GIVE DINHEIRO VIP] Eliax acumulou o dinheiro vip do jogador ViniciusMDK de (70000 para 75000)
[2021-03-10 18:12:48] [GIVE DINHEIRO VIP] Eliax acumulou o dinheiro vip do jogador VulgoYzzy de (0 para 60000)
[2021-03-10 18:17:04] [GIVE DINHEIRO VIP] Eliax acumulou o dinheiro vip do jogador Vulgo litroRJ de (0 para 70000)
[2021-03-10 18:39:21] GIVE DINHEIRO] #FF0000[FG]Banidor mudou o dinheiro do Michael de (0 para 10000000)
[2021-03-10 21:13:11] [GIVE DINHEIRO VIP] Eliax acumulou o dinheiro vip do jogador VulgoGaucho de (0 para 20000)
[2021-03-10 21:31:33] [GIVE DINHEIRO VIP] Eliax acumulou o dinheiro vip do jogador SK de (0 para 100000)
[2021-03-10 22:49:12] GIVE DINHEIRO] #FF0000[FG]Banidor mudou o dinheiro do Michael de (0 para 100000)
[2021-03-11 00:24:25] GIVE DINHEIRO] Eliax mudou o dinheiro do Eliax de (0 para 10000)
[2021-03-11 04:44:44] GIVE DINHEIRO] #FF0000[FG]Banidor mudou o dinheiro do #FF0000[FG]Banidor de (0 para 10000)
[2021-03-11 17:35:18] [GIVE DINHEIRO VIP] Eliax acumulou o dinheiro vip do jogador joao victor muller de (0 para 80000)
[2021-03-11 17:48:25] [GIVE DINHEIRO VIP] Eliax acumulou o dinheiro vip do jogador Lorenzo de (22760 para 122760)
[2021-03-11 17:51:31] [GIVE DINHEIRO VIP] Eliax acumulou o dinheiro vip do jogador Bruce Charles de (0 para 60000)
[2021-03-11 17:53:44] [GIVE DINHEIRO VIP] Eliax acumulou o dinheiro vip do jogador VulgoIce de (0 para 65000)
[2021-03-11 18:07:29] [GIVE DINHEIRO VIP] Eliax acumulou o dinheiro vip do jogador PRATININ de (10000 para 110000)
[2021-03-11 18:09:10] [GIVE DINHEIRO VIP] Eliax acumulou o dinheiro vip do jogador Ban de (300 para 10300)
[2021-03-11 18:21:26] [GIVE DINHEIRO VIP] Eliax acumulou o dinheiro vip do jogador DaZaReA de (0 para 40000)
[2021-03-11 21:16:27] [GIVE DINHEIRO VIP] Eliax acumulou o dinheiro vip do jogador Kaue Berti de (0 para 200000)
[2021-03-11 21:18:40] [GIVE DINHEIRO VIP] Eliax acumulou o dinheiro vip do jogador [MOD]Respectnob de (55000 para 65000)
[2021-03-11 21:19:09] [GIVE DINHEIRO VIP] Eliax acumulou o dinheiro vip do jogador ChristianDoBm de (0 para 40000)
[2021-03-11 21:20:44] [GIVE DINHEIRO VIP] Eliax acumulou o dinheiro vip do jogador FooxMTA de (500 para 200500)
[2021-03-11 21:21:48] [GIVE DINHEIRO VIP] Eliax acumulou o dinheiro vip do jogador Favelinhaa de (0 para 200000)
[2021-03-11 22:01:54] GIVE DINHEIRO] Eliax mudou o dinheiro do MACACO de (0 para 5000)
[2021-03-11 22:02:27] GIVE DINHEIRO] Eliax mudou o dinheiro do MACACO de (2700 para 5400)
[2021-03-11 22:02:36] [SETAR DINHEIRO] Eliax retirou com sucesso o dinheiro de MACACO de. (5400 para 0)
[2021-03-11 22:06:58] [GIVE DINHEIRO VIP] [GM]Junior acumulou o dinheiro vip do jogador [GM]Junior de (198050 para 201050)
[2021-03-12 00:31:37] GIVE DINHEIRO] #FF0000[FG]Banidor mudou o dinheiro do Mey de (-52 para 948)
[2021-03-12 17:03:50] [GIVE DINHEIRO VIP] Eliax acumulou o dinheiro vip do jogador Jeffey de (0 para 100000)
[2021-03-12 17:11:20] [GIVE DINHEIRO VIP] Eliax acumulou o dinheiro vip do jogador Cuca de (0 para 345000)
[2021-03-12 17:12:50] [GIVE DINHEIRO VIP] Eliax acumulou o dinheiro vip do jogador VulgoZL de (0 para 65000)
[2021-03-12 17:30:52] [GIVE DINHEIRO VIP] Eliax acumulou o dinheiro vip do jogador Irmao lucas de (0 para 100000)
[2021-03-12 17:41:58] [GIVE DINHEIRO VIP] Eliax acumulou o dinheiro vip do jogador MateuzinhoRJ de (0 para 65000)
[2021-03-12 19:03:07] [SETAR DINHEIRO VIP] [DEV]Mature#ffffff setou o dinheiro vip do jogador [DEV]Mature para (20)
[2021-03-12 19:03:29] [SETAR DINHEIRO VIP] [DEV]Mature#ffffff setou o dinheiro vip do jogador [DEV]Mature para (60)
[2021-03-12 21:03:52] [GIVE DINHEIRO VIP] Eliax acumulou o dinheiro vip do jogador CarecaRJ de (0 para 60000)
[2021-03-12 23:06:02] GIVE DINHEIRO] #FF0000[FG]Banidor mudou o dinheiro do VGZIIN de (-1045 para 8955)
[2021-03-12 23:06:31] GIVE DINHEIRO] #FF0000[FG]Banidor mudou o dinheiro do VGZIIN de (3955 para 13955)
[2021-03-13 19:53:37] [GIVE DINHEIRO VIP] Admin acumulou o dinheiro vip do jogador Kayan de (0 para 55000)
[2021-03-13 19:55:00] [GIVE DINHEIRO VIP] Admin acumulou o dinheiro vip do jogador McDonalds de (0 para 65000)
[2021-03-13 19:55:09] [RETIRAR DINHEIRO VIP] Admin retirou o dinheiro vip do jogador McDonalds de (65000 para 60000)
[2021-03-13 19:57:27] [GIVE DINHEIRO VIP] Admin acumulou o dinheiro vip do jogador cherosaa de (0 para 10000)
[2021-03-13 20:12:27] [GIVE DINHEIRO VIP] Admin acumulou o dinheiro vip do jogador DaZaReA de (0 para 255000)
[2021-03-15 01:50:15] GIVE DINHEIRO] #FF0000[FG]Banidor mudou o dinheiro do Elias de (0 para 10000)
[2021-03-15 17:27:02] [GIVE DINHEIRO VIP] Eliax acumulou o dinheiro vip do jogador Carlinhos Silva de (5000 para 60000)
[2021-03-15 17:27:29] [GIVE DINHEIRO VIP] Eliax acumulou o dinheiro vip do jogador FormigaXT de (12990 para 112990)
[2021-03-15 17:30:32] [GIVE DINHEIRO VIP] Eliax acumulou o dinheiro vip do jogador Ph  de (0 para 70000)
[2021-03-15 18:02:31] [GIVE DINHEIRO VIP] Eliax acumulou o dinheiro vip do jogador LorhanRJ de (0 para 70000)
[2021-03-15 18:03:11] [GIVE DINHEIRO VIP] Eliax acumulou o dinheiro vip do jogador Makayla de (92000 para 152000)
[2021-03-15 20:11:45] GIVE DINHEIRO] Eliax mudou o dinheiro do Eliax de (2093 para 12093)
[2021-03-15 20:16:30] [GIVE DINHEIRO VIP] Eliax acumulou o dinheiro vip do jogador Kaue Berti de (0 para 55000)
[2021-03-15 20:17:29] [GIVE DINHEIRO VIP] Eliax acumulou o dinheiro vip do jogador PaoDeQueijo de (0 para 60000)
[2021-03-15 20:36:34] [GIVE DINHEIRO VIP] Eliax acumulou o dinheiro vip do jogador FormigaXT de (20990 para 80990)
[2021-03-15 20:56:24] [GIVE DINHEIRO VIP] #FF0000[FG]Banidor acumulou o dinheiro vip do jogador Oliver de (0 para 30000)
[2021-03-15 21:09:02] [GIVE DINHEIRO VIP] #FF0000[FG]Banidor acumulou o dinheiro vip do jogador Vulgo Maneirinho de (0 para 30000)
[2021-03-15 21:23:03] [GIVE DINHEIRO VIP] #FF0000[FG]Banidor acumulou o dinheiro vip do jogador Alisson Franklin de (0 para 40000)
[2021-03-16 17:12:40] [GIVE DINHEIRO VIP] Johnny acumulou o dinheiro vip do jogador Caiique de (0 para 200000)
[2021-03-16 20:17:22] [GIVE DINHEIRO VIP] Johnny acumulou o dinheiro vip do jogador travesso de (0 para 100000)
[2021-03-17 17:33:05] [GIVE DINHEIRO VIP] Johnny acumulou o dinheiro vip do jogador Gabetheawp de (0 para 111000)
[2021-03-17 20:46:28] [GIVE DINHEIRO VIP] Johnny acumulou o dinheiro vip do jogador travesso de (35000 para 45000)
[2021-03-17 21:10:59] [GIVE DINHEIRO VIP] Johnny acumulou o dinheiro vip do jogador Ban de (280 para 10280)
[2021-03-18 17:36:46] [GIVE DINHEIRO VIP] Eliax acumulou o dinheiro vip do jogador Cuca de (120 para 10120)
[2021-03-18 17:37:24] [GIVE DINHEIRO VIP] Eliax acumulou o dinheiro vip do jogador iamMADARA de (0 para 100000)
[2021-03-18 17:51:00] [GIVE DINHEIRO VIP] Eliax acumulou o dinheiro vip do jogador MateuzinhoRJ de (0 para 245000)
[2021-03-19 17:26:41] [GIVE DINHEIRO VIP] Eliax acumulou o dinheiro vip do jogador ThDbK de (0 para 90000)
[2021-03-19 17:43:25] [GIVE DINHEIRO VIP] Eliax acumulou o dinheiro vip do jogador LGSMascara de (0 para 25000)
[2021-03-19 17:52:29] [GIVE DINHEIRO VIP] Eliax acumulou o dinheiro vip do jogador Chamyto de (0 para 154000)
[2021-03-19 17:52:34] [RETIRAR DINHEIRO VIP] Eliax retirou o dinheiro vip do jogador Chamyto de (154000 para 0)
[2021-03-19 17:52:39] [RETIRAR DINHEIRO VIP] Eliax retirou o dinheiro vip do jogador Chamyto de (0 para -20000)
[2021-03-19 17:52:43] [GIVE DINHEIRO VIP] Eliax acumulou o dinheiro vip do jogador Chamyto de (-20000 para 0)
[2021-03-19 17:52:45] [GIVE DINHEIRO VIP] Eliax acumulou o dinheiro vip do jogador Chamyto de (0 para 20000)
[2021-03-19 20:43:20] [GIVE DINHEIRO VIP] Eliax acumulou o dinheiro vip do jogador FormigaXT de (7450 para 27450)
[2021-03-19 20:46:33] [GIVE DINHEIRO VIP] Eliax acumulou o dinheiro vip do jogador Ban de (280 para 10280)
[2021-03-20 03:19:40] GIVE DINHEIRO] Johnny mudou o dinheiro do banco do [MOD]Respectnob de (79183 para 429183)
[2021-03-20 16:00:38] GIVE DINHEIRO] Eliax mudou o dinheiro do Eliax de (369 para 10369)
[2021-03-22 17:25:39] [GIVE DINHEIRO VIP] Johnny acumulou o dinheiro vip do jogador Lima Fahrenheit de (0 para 80000)
[2021-03-22 17:30:54] [GIVE DINHEIRO VIP] Johnny acumulou o dinheiro vip do jogador DUMAAL de (0 para 40000)
[2021-03-22 17:32:29] [GIVE DINHEIRO VIP] Johnny acumulou o dinheiro vip do jogador lippesxx de (0 para 210000)
[2021-03-22 20:57:49] [GIVE DINHEIRO VIP] Eliax acumulou o dinheiro vip do jogador Gabs de (0 para 55000)
[2021-03-22 21:07:50] [GIVE DINHEIRO VIP] Eliax acumulou o dinheiro vip do jogador thoneySZ de (0 para 70000)
[2021-03-22 21:09:00] [GIVE DINHEIRO VIP] Eliax acumulou o dinheiro vip do jogador mxrtheawp de (0 para 135000)
[2021-03-23 17:09:09] [GIVE DINHEIRO VIP] Eliax acumulou o dinheiro vip do jogador Aleczin de (0 para 10000)
[2021-03-23 17:28:15] [GIVE DINHEIRO VIP] Eliax acumulou o dinheiro vip do jogador McDonalds de (0 para 20000)
[2021-03-23 17:48:51] [GIVE DINHEIRO VIP] Eliax acumulou o dinheiro vip do jogador VulgoFr de (0 para 200000)
[2021-03-23 21:08:04] [GIVE DINHEIRO VIP] Eliax acumulou o dinheiro vip do jogador [MOD]Respectnob de (0 para 40000)
[2021-03-24 17:17:35] [GIVE DINHEIRO VIP] Eliax acumulou o dinheiro vip do jogador eDuardiinh de (0 para 135000)
[2021-03-25 16:21:04] [GIVE DINHEIRO VIP] #EEFD01[SUP-G]Ganancia acumulou o dinheiro vip do jogador [SUP]Gabs de (51500 para 81500)
[2021-03-25 16:22:57] [GIVE DINHEIRO VIP] #EEFD01[SUP-G]Ganancia acumulou o dinheiro vip do jogador [SUP]Ale de (200 para 30200)
[2021-03-25 16:25:13] [GIVE DINHEIRO VIP] #EEFD01[SUP-G]Ganancia acumulou o dinheiro vip do jogador [SUP]Nobice de (0 para 30000)
[2021-03-25 16:28:04] [GIVE DINHEIRO VIP] #EEFD01[SUP-G]Ganancia acumulou o dinheiro vip do jogador [SUP]Claudio de (50000 para 80000)
[2021-03-25 16:29:47] [GIVE DINHEIRO VIP] #EEFD01[SUP-G]Ganancia acumulou o dinheiro vip do jogador [S-ADM]BobZinN de (0 para 45000)
[2021-03-25 16:31:09] [GIVE DINHEIRO VIP] #EEFD01[SUP-G]Ganancia acumulou o dinheiro vip do jogador [ADM]Pedro de (0 para 50000)
[2021-03-25 16:51:52] [GIVE DINHEIRO VIP] #EEFD01[SUP-G]Ganancia acumulou o dinheiro vip do jogador [SUP]Alucard de (0 para 30000)
[2021-03-25 16:59:31] [GIVE DINHEIRO VIP] #EEFD01[SUP-G]Ganancia acumulou o dinheiro vip do jogador [SUP]Lukaszin de (0 para 45000)
[2021-03-25 17:01:45] [GIVE DINHEIRO VIP] #EEFD01[SUP-G]Ganancia acumulou o dinheiro vip do jogador [ADM]Marcos de (0 para 50000)
[2021-03-25 18:09:43] [GIVE DINHEIRO VIP] #EEFD01[SUP-G]Ganancia acumulou o dinheiro vip do jogador [SUP]Espanha de (0 para 30000)
[2021-03-25 18:12:24] [GIVE DINHEIRO VIP] #EEFD01[SUP-G]Ganancia acumulou o dinheiro vip do jogador [MOD]Mike de (300 para 40300)
[2021-03-25 18:14:34] [GIVE DINHEIRO VIP] #EEFD01[SUP-G]Ganancia acumulou o dinheiro vip do jogador [SUP]Regi de (0 para 30000)
[2021-03-25 18:30:08] [GIVE DINHEIRO VIP] #EEFD01[SUP-G]Ganancia acumulou o dinheiro vip do jogador [S-ADM]Gustavo de (100 para 60100)
[2021-03-25 18:32:39] [GIVE DINHEIRO VIP] #EEFD01[SUP-G]Ganancia acumulou o dinheiro vip do jogador [SUP]Kayque de (100 para 30100)
[2021-03-25 20:18:45] [GIVE DINHEIRO VIP] Johnny acumulou o dinheiro vip do jogador Toddy de (0 para 70000)
[2021-03-26 17:48:33] [GIVE DINHEIRO VIP] Eliax acumulou o dinheiro vip do jogador eDuardiinh de (0 para 200000)
[2021-03-27 16:24:36] [GIVE DINHEIRO VIP] #EEFD01[SUP-G]Ganancia acumulou o dinheiro vip do jogador [MOD]Respectnob de (40000 para 95000)
[2021-03-27 16:39:57] [GIVE DINHEIRO VIP] #EEFD01[SUP-G]Ganancia acumulou o dinheiro vip do jogador [S-ADM]Enzo de (0 para 45000)
[2021-03-27 17:00:07] [GIVE DINHEIRO VIP] #EEFD01[SUP-G]Ganancia acumulou o dinheiro vip do jogador [SUP]Track de (0 para 30000)
[2021-03-29 00:13:31] GIVE DINHEIRO] Eliax mudou o dinheiro do Eliax de (0 para 10000)
[2021-03-29 18:45:25] [GIVE DINHEIRO VIP] Eliax acumulou o dinheiro vip do jogador Cuca de (0 para 25000)
[2021-03-29 20:35:21] [GIVE DINHEIRO VIP] #EEFD01[SUP-G]Ganancia acumulou o dinheiro vip do jogador [S-ADM]Gabriel de (0 para 45000)
[2021-03-29 20:37:59] [GIVE DINHEIRO VIP] #EEFD01[SUP-G]Ganancia acumulou o dinheiro vip do jogador [SGM]Magrin de (0 para 75000)
[2021-03-29 20:41:01] [GIVE DINHEIRO VIP] #EEFD01[SUP-G]Ganancia acumulou o dinheiro vip do jogador [SUP]CRUZZ de (0 para 45000)
[2021-03-29 22:14:14] GIVE DINHEIRO] Johnny mudou o dinheiro do Johnny de (0 para 10000)
[2021-03-30 14:44:36] [GIVE DINHEIRO VIP] #EEFD01[SUP-G]Ganancia acumulou o dinheiro vip do jogador [SUP]Kaique de (0 para 30000)
[2021-03-31 17:37:36] [GIVE DINHEIRO VIP] Eliax acumulou o dinheiro vip do jogador Don Gsete de (20 para 55020)
[2021-03-31 19:44:08] GIVE DINHEIRO] Johnny mudou o dinheiro do Johnny de (50 para 10050)
[2021-03-31 22:59:17] GIVE DINHEIRO] Johnny mudou o dinheiro do TremBala de (1055 para 3055)
[2021-04-01 17:12:09] [GIVE DINHEIRO VIP] Johnny acumulou o dinheiro vip do jogador hallz de (0 para 70000)
[2021-04-02 21:43:53] [GIVE DINHEIRO VIP] [GM]Junior acumulou o dinheiro vip do jogador Junior de (1050 para 6050)
[2021-04-02 22:36:14] GIVE DINHEIRO] Johnny mudou o dinheiro do Elias de (4950 para 14950)
[2021-04-05 17:05:16] GIVE DINHEIRO] Eliax mudou o dinheiro do Eliax de (0 para 15000)
[2021-04-05 17:18:34] [GIVE DINHEIRO VIP] Eliax acumulou o dinheiro vip do jogador Fernanda SLV de (100 para 55100)
[2021-04-05 17:19:22] [GIVE DINHEIRO VIP] Eliax acumulou o dinheiro vip do jogador Fernanda SLV de (55100 para 105100)
[2021-04-05 17:37:59] [GIVE DINHEIRO VIP] Eliax acumulou o dinheiro vip do jogador Cesar de (0 para 10000)
[2021-04-05 19:56:22] [GIVE DINHEIRO VIP] Eliax acumulou o dinheiro vip do jogador riser de (143500 para 243500)
[2021-04-05 20:33:45] GIVE DINHEIRO] Eliax mudou o dinheiro do Eliax de (-17 para 14983)
[2021-04-06 17:32:46] [GIVE DINHEIRO VIP] Johnny acumulou o dinheiro vip do jogador Gabriel de (0 para 155000)
[2021-04-06 17:43:47] [GIVE DINHEIRO VIP] Johnny acumulou o dinheiro vip do jogador AnjimRJ de (0 para 10000)
[2021-04-07 17:33:44] [GIVE DINHEIRO VIP] Eliax acumulou o dinheiro vip do jogador pescador de (0 para 55000)
[2021-04-08 21:10:34] [GIVE DINHEIRO VIP] Eliax acumulou o dinheiro vip do jogador riser de (243500 para 298500)
[2021-04-12 19:32:08] [GIVE DINHEIRO VIP] Johnny acumulou o dinheiro vip do jogador SPLINT de (0 para 10000)
[2021-04-12 19:36:51] [GIVE DINHEIRO VIP] Johnny acumulou o dinheiro vip do jogador BAIANO de (0 para 10000)
[2021-04-12 19:38:09] [GIVE DINHEIRO VIP] Johnny acumulou o dinheiro vip do jogador erick de (0 para 10000)
[2021-04-12 19:39:47] [GIVE DINHEIRO VIP] Johnny acumulou o dinheiro vip do jogador junin de (0 para 10000)
[2021-04-12 19:41:12] [GIVE DINHEIRO VIP] Johnny acumulou o dinheiro vip do jogador LanDLC de (0 para 10000)
[2021-04-12 19:42:46] [GIVE DINHEIRO VIP] Johnny acumulou o dinheiro vip do jogador TheusDemon de (0 para 10000)
[2021-04-12 19:48:38] [GIVE DINHEIRO VIP] Johnny acumulou o dinheiro vip do jogador NeymarJr de (0 para 10000)
[2021-04-12 19:50:01] [GIVE DINHEIRO VIP] Johnny acumulou o dinheiro vip do jogador cebola de (0 para 10000)
[2021-04-12 19:51:07] [GIVE DINHEIRO VIP] Johnny acumulou o dinheiro vip do jogador Guuh de (0 para 10000)
[2021-04-12 19:55:57] [GIVE DINHEIRO VIP] Johnny acumulou o dinheiro vip do jogador Vocalista de (0 para 10000)
[2021-04-12 19:58:08] [GIVE DINHEIRO VIP] Johnny acumulou o dinheiro vip do jogador Aleczin de (800 para 10800)
[2021-04-12 19:59:36] [GIVE DINHEIRO VIP] Johnny acumulou o dinheiro vip do jogador Douglas Silva da Cruz de (0 para 10000)
[2021-04-12 20:03:54] [GIVE DINHEIRO VIP] Johnny acumulou o dinheiro vip do jogador calixto de (0 para 10000)
[2021-04-12 20:04:51] [GIVE DINHEIRO VIP] Johnny acumulou o dinheiro vip do jogador Eliabe de (0 para 10000)
[2021-04-12 20:06:16] [GIVE DINHEIRO VIP] Johnny acumulou o dinheiro vip do jogador [SUP]Julius de (0 para 10000)
[2021-04-12 20:07:00] [GIVE DINHEIRO VIP] Johnny acumulou o dinheiro vip do jogador Pietroow de (0 para 10000)
[2021-04-12 20:08:05] [GIVE DINHEIRO VIP] Johnny acumulou o dinheiro vip do jogador nildo de (0 para 10000)
[2021-04-12 20:12:02] [GIVE DINHEIRO VIP] Johnny acumulou o dinheiro vip do jogador Fakerzin de (0 para 10000)
[2021-04-12 20:14:29] [GIVE DINHEIRO VIP] Johnny acumulou o dinheiro vip do jogador Carimbo de (0 para 10000)
[2021-04-12 20:35:03] [GIVE DINHEIRO VIP] Johnny acumulou o dinheiro vip do jogador nildo de (10000 para 110000)
[2021-04-14 20:01:48] [GIVE DINHEIRO VIP] Johnny acumulou o dinheiro vip do jogador ChoppenSa de (0 para 10000)
[2021-04-14 20:03:15] [GIVE DINHEIRO VIP] Johnny acumulou o dinheiro vip do jogador ReinaldoTzz de (0 para 10000)
[2021-04-14 20:04:14] [GIVE DINHEIRO VIP] Johnny acumulou o dinheiro vip do jogador Meidin de (300 para 10300)
[2021-04-14 20:05:31] [GIVE DINHEIRO VIP] Johnny acumulou o dinheiro vip do jogador Dakotah de (0 para 10000)
[2021-04-14 20:06:30] [GIVE DINHEIRO VIP] Johnny acumulou o dinheiro vip do jogador Enzo de (1000 para 11000)
[2021-04-14 20:07:22] [GIVE DINHEIRO VIP] Johnny acumulou o dinheiro vip do jogador Oliveira de (0 para 10000)
[2021-04-14 20:09:37] [GIVE DINHEIRO VIP] Johnny acumulou o dinheiro vip do jogador DODO de (0 para 10000)
[2021-04-14 20:11:16] [GIVE DINHEIRO VIP] Johnny acumulou o dinheiro vip do jogador Filipe Xavier Brunel de (0 para 10000)
[2021-04-14 20:14:12] [GIVE DINHEIRO VIP] Johnny acumulou o dinheiro vip do jogador LucasMTA de (0 para 10000)
[2021-04-14 20:17:01] [GIVE DINHEIRO VIP] Johnny acumulou o dinheiro vip do jogador PISJEHE de (0 para 10000)
[2021-04-14 20:18:03] [GIVE DINHEIRO VIP] Johnny acumulou o dinheiro vip do jogador Kauan Winchester de (0 para 10000)
[2021-04-14 20:20:39] [GIVE DINHEIRO VIP] Johnny acumulou o dinheiro vip do jogador PedroLR de (47600 para 57600)
[2021-04-14 20:22:52] [GIVE DINHEIRO VIP] Johnny acumulou o dinheiro vip do jogador Santiiago de (0 para 10000)
[2021-04-14 20:26:09] [GIVE DINHEIRO VIP] Johnny acumulou o dinheiro vip do jogador carlos daniel  de (0 para 10000)
[2021-04-14 20:28:15] [GIVE DINHEIRO VIP] Johnny acumulou o dinheiro vip do jogador Kaue Berti de (0 para 10000)
[2021-04-14 20:30:03] [GIVE DINHEIRO VIP] Johnny acumulou o dinheiro vip do jogador PABLO de (0 para 10000)
[2021-04-14 20:31:22] [GIVE DINHEIRO VIP] Johnny acumulou o dinheiro vip do jogador Fenix de (0 para 10000)
[2021-04-14 20:33:56] [GIVE DINHEIRO VIP] Johnny acumulou o dinheiro vip do jogador Guilherme de (0 para 10000)
[2021-04-14 20:35:14] [GIVE DINHEIRO VIP] Johnny acumulou o dinheiro vip do jogador Ronieri silva de (0 para 10000)
[2021-04-14 20:52:03] [GIVE DINHEIRO VIP] Johnny acumulou o dinheiro vip do jogador King de (0 para 100000)
[2021-04-15 15:32:11] [GIVE DINHEIRO VIP] #EEFD01[SUP-G]Ganancia acumulou o dinheiro vip do jogador #EEFD01[SUP-G]Ganancia de (35200 para 335200)
[2021-04-20 18:03:44] GIVE DINHEIRO] Eliax mudou o dinheiro do Eliax de (0 para 10000)
[2021-04-20 19:54:32] [GIVE DINHEIRO VIP] #EEFD01[SUP-G]Ganancia acumulou o dinheiro vip do jogador [SUP]Geovanna de (0 para 30000)
[2021-04-20 19:56:38] [GIVE DINHEIRO VIP] #EEFD01[SUP-G]Ganancia acumulou o dinheiro vip do jogador [SUP]Schimu de (0 para 30000)
[2021-04-20 19:58:38] [GIVE DINHEIRO VIP] #EEFD01[SUP-G]Ganancia acumulou o dinheiro vip do jogador [SUP]Julius de (10000 para 40000)
[2021-04-20 20:00:47] [GIVE DINHEIRO VIP] #EEFD01[SUP-G]Ganancia acumulou o dinheiro vip do jogador [SUP]PRATININ de (0 para 30000)
[2021-04-20 20:02:11] [GIVE DINHEIRO VIP] #EEFD01[SUP-G]Ganancia acumulou o dinheiro vip do jogador [SUP]Igor de (0 para 30000)
[2021-04-22 07:34:06] [GIVE DINHEIRO VIP] #EEFD01[SUP-G]Ganancia acumulou o dinheiro vip do jogador [SUP]Alex H de (0 para 30000)
[2021-04-22 17:39:48] [GIVE DINHEIRO VIP] Eliax acumulou o dinheiro vip do jogador JolielES de (0 para 200000)
[2021-04-23 21:14:09] [GIVE DINHEIRO VIP] Johnny acumulou o dinheiro vip do jogador BzK de (0 para 10000)
[2021-04-23 22:02:07] [GIVE DINHEIRO VIP] #EEFD01[SUP-G]Ganancia acumulou o dinheiro vip do jogador [SUP]TL de (300 para 30300)
[2021-04-23 22:04:19] [GIVE DINHEIRO VIP] #EEFD01[SUP-G]Ganancia acumulou o dinheiro vip do jogador [SUP]Arthur de (0 para 30000)
[2021-04-27 10:58:32] [GIVE DINHEIRO VIP] #EEFD01[SUP-G]Ganancia acumulou o dinheiro vip do jogador [MOD]Ale de (200 para 40200)
[2021-04-27 11:04:33] [GIVE DINHEIRO VIP] #EEFD01[SUP-G]Ganancia acumulou o dinheiro vip do jogador #EEFD01[SUP-G]Ganancia de (75200 para 175200)
[2021-04-27 12:51:08] [GIVE DINHEIRO VIP] #EEFD01[SUP-G]Ganancia acumulou o dinheiro vip do jogador [SGM]Pedro de (200 para 60200)
[2021-04-27 12:55:08] [GIVE DINHEIRO VIP] #EEFD01[SUP-G]Ganancia acumulou o dinheiro vip do jogador [MOD]Espanha de (200 para 40200)
[2021-04-27 12:59:21] [GIVE DINHEIRO VIP] #EEFD01[SUP-G]Ganancia acumulou o dinheiro vip do jogador [SUP]Alucard de (0 para 30000)
[2021-04-27 13:01:17] [GIVE DINHEIRO VIP] #EEFD01[SUP-G]Ganancia acumulou o dinheiro vip do jogador [ADM-G]Marcos de (1500 para 56500)
